{"timestamp":"2025-07-12T00:53:15.259Z","category":"AUDIT:RULES","message":"RULES.txt loaded successfully","eventType":"rules_loaded","data":null}
{"timestamp":"2025-07-12T00:53:16.166Z","category":"AUDIT:SYSTEM","message":"Audit logger initialized successfully","eventType":"system_init","data":null}
{"timestamp":"2025-07-12T00:53:35.181Z","category":"COMMAND","message":"User 292854498299346945 (gdwizard) used !ch command","eventType":"start_game","data":null}
{"timestamp":"2025-07-12T00:53:35.183Z","category":"GAME_STATE","message":"Creating new game state for user 292854498299346945","eventType":"new_game","data":null}
{"timestamp":"2025-07-12T00:53:43.032Z","category":"SCREEN","message":"Start menu displayed for user 292854498299346945","eventType":"start_menu","data":null}
{"timestamp":"2025-07-12T00:53:55.808Z","category":"SUCCESS","message":"Interaction update successful","eventType":"interaction_response","data":null}
{"timestamp":"2025-07-12T00:54:02.670Z","category":"SUCCESS","message":"Interaction update successful","eventType":"interaction_response","data":null}
{"timestamp":"2025-07-12T00:54:10.673Z","category":"SUCCESS","message":"Interaction update successful","eventType":"interaction_response","data":null}
{"timestamp":"2025-07-12T00:54:16.754Z","category":"COMMAND","message":"User 292854498299346945 (gdwizard) used !ch command","eventType":"start_game","data":null}
{"timestamp":"2025-07-12T00:54:16.755Z","category":"GAME_STATE","message":"Resuming existing game for user 292854498299346945","eventType":"resume_game","data":null}
{"timestamp":"2025-07-12T00:54:17.249Z","category":"SCREEN","message":"Start menu displayed for user 292854498299346945","eventType":"start_menu","data":null}
{"timestamp":"2025-07-12T00:54:30.828Z","category":"SUCCESS","message":"Interaction update successful","eventType":"interaction_response","data":null}
{"timestamp":"2025-07-12T00:54:33.704Z","category":"COMMAND","message":"User 292854498299346945 (gdwizard) used !ch command","eventType":"start_game","data":null}
{"timestamp":"2025-07-12T00:54:33.705Z","category":"GAME_STATE","message":"Resuming existing game for user 292854498299346945","eventType":"resume_game","data":null}
{"timestamp":"2025-07-12T00:54:34.169Z","category":"SCREEN","message":"Start menu displayed for user 292854498299346945","eventType":"start_menu","data":null}
{"timestamp":"2025-07-12T00:54:50.418Z","category":"SUCCESS","message":"Interaction update successful","eventType":"interaction_response","data":null}
{"timestamp":"2025-07-12T00:54:54.746Z","category":"COMMAND","message":"User 292854498299346945 (gdwizard) used !ch command","eventType":"start_game","data":null}
{"timestamp":"2025-07-12T00:54:54.747Z","category":"GAME_STATE","message":"Resuming existing game for user 292854498299346945","eventType":"resume_game","data":null}
{"timestamp":"2025-07-12T00:54:55.506Z","category":"SCREEN","message":"Start menu displayed for user 292854498299346945","eventType":"start_menu","data":null}
{"timestamp":"2025-07-12T00:55:10.616Z","category":"SUCCESS","message":"Interaction update successful","eventType":"interaction_response","data":null}
{"timestamp":"2025-07-12T01:32:20.836Z","category":"AUDIT:RULES","message":"RULES.txt loaded successfully","eventType":"rules_loaded","data":null}
{"timestamp":"2025-07-12T01:32:20.994Z","category":"AUDIT:SYSTEM","message":"Audit logger initialized successfully","eventType":"system_init","data":null}
{"timestamp":"2025-07-12T01:32:41.701Z","category":"COMMAND","message":"User 292854498299346945 (gdwizard) used !ch command","eventType":"start_game","data":null}
{"timestamp":"2025-07-12T01:32:41.702Z","category":"GAME_STATE","message":"Creating new game state for user 292854498299346945","eventType":"new_game","data":null}
{"timestamp":"2025-07-12T01:32:43.103Z","category":"SCREEN","message":"Start menu displayed for user 292854498299346945","eventType":"start_menu","data":null}
{"timestamp":"2025-07-12T01:33:01.013Z","category":"SUCCESS","message":"Interaction update successful","eventType":"interaction_response","data":null}
{"timestamp":"2025-07-12T01:33:05.716Z","category":"SUCCESS","message":"Interaction update successful","eventType":"interaction_response","data":null}
{"timestamp":"2025-07-12T01:38:55.544Z","category":"AUDIT:RULES","message":"RULES.txt loaded successfully","eventType":"rules_loaded","data":null}
{"timestamp":"2025-07-12T01:38:55.587Z","category":"AUDIT:SYSTEM","message":"Audit logger initialized successfully","eventType":"system_init","data":null}
{"timestamp":"2025-07-12T01:39:15.967Z","category":"COMMAND","message":"User 292854498299346945 (gdwizard) used !ch command","eventType":"start_game","data":null}
{"timestamp":"2025-07-12T01:39:15.968Z","category":"GAME_STATE","message":"Creating new game state for user 292854498299346945","eventType":"new_game","data":null}
{"timestamp":"2025-07-12T01:39:16.681Z","category":"SCREEN","message":"Start menu displayed for user 292854498299346945","eventType":"start_menu","data":null}
{"timestamp":"2025-07-12T01:39:54.602Z","category":"COMMAND","message":"User 292854498299346945 (gdwizard) used !ch command","eventType":"start_game","data":null}
{"timestamp":"2025-07-12T01:39:54.603Z","category":"GAME_STATE","message":"Resuming existing game for user 292854498299346945","eventType":"resume_game","data":null}
{"timestamp":"2025-07-12T01:39:55.270Z","category":"SCREEN","message":"Start menu displayed for user 292854498299346945","eventType":"start_menu","data":null}
{"timestamp":"2025-07-12T01:44:33.139Z","category":"COMMAND","message":"User 292854498299346945 (gdwizard) used !ch command","eventType":"start_game","data":null}
{"timestamp":"2025-07-12T01:44:33.140Z","category":"GAME_STATE","message":"Resuming existing game for user 292854498299346945","eventType":"resume_game","data":null}
{"timestamp":"2025-07-12T01:44:33.949Z","category":"SCREEN","message":"Start menu displayed for user 292854498299346945","eventType":"start_menu","data":null}
{"timestamp":"2025-07-12T01:45:24.992Z","category":"COMMAND","message":"User 292854498299346945 (gdwizard) used !ch command","eventType":"start_game","data":null}
{"timestamp":"2025-07-12T01:45:24.993Z","category":"GAME_STATE","message":"Resuming existing game for user 292854498299346945","eventType":"resume_game","data":null}
{"timestamp":"2025-07-12T01:45:25.589Z","category":"SCREEN","message":"Start menu displayed for user 292854498299346945","eventType":"start_menu","data":null}
{"timestamp":"2025-07-12T01:47:04.858Z","category":"COMMAND","message":"User 292854498299346945 (gdwizard) used !ch command","eventType":"start_game","data":null}
{"timestamp":"2025-07-12T01:47:04.860Z","category":"GAME_STATE","message":"Resuming existing game for user 292854498299346945","eventType":"resume_game","data":null}
{"timestamp":"2025-07-12T01:47:05.456Z","category":"SCREEN","message":"Start menu displayed for user 292854498299346945","eventType":"start_menu","data":null}
{"timestamp":"2025-07-12T02:06:59.246Z","category":"AUDIT:RULES","message":"RULES.txt loaded successfully","eventType":"rules_loaded","data":null}
{"timestamp":"2025-07-12T02:07:00.971Z","category":"AUDIT:SYSTEM","message":"Audit logger initialized successfully","eventType":"system_init","data":null}
{"timestamp":"2025-07-12T02:07:23.738Z","category":"COMMAND","message":"User 292854498299346945 (gdwizard) used !ch command","eventType":"start_game","data":null}
{"timestamp":"2025-07-12T02:07:23.739Z","category":"GAME_STATE","message":"Creating new game state for user 292854498299346945","eventType":"new_game","data":null}
{"timestamp":"2025-07-12T02:07:24.224Z","category":"SCREEN","message":"Start menu displayed for user 292854498299346945","eventType":"start_menu","data":null}
{"timestamp":"2025-07-12T02:20:42.676Z","category":"COMMAND","message":"User 292854498299346945 (gdwizard) used !ch command","eventType":"start_game","data":null}
{"timestamp":"2025-07-12T02:20:42.677Z","category":"GAME_STATE","message":"Resuming existing game for user 292854498299346945","eventType":"resume_game","data":null}
{"timestamp":"2025-07-12T02:20:43.407Z","category":"SCREEN","message":"Start menu displayed for user 292854498299346945","eventType":"start_menu","data":null}
{"timestamp":"2025-07-12T02:45:35.222Z","category":"COMMAND","message":"User 292854498299346945 (gdwizard) used !ch command","eventType":"start_game","data":null}
{"timestamp":"2025-07-12T02:45:35.224Z","category":"GAME_STATE","message":"Resuming existing game for user 292854498299346945","eventType":"resume_game","data":null}
{"timestamp":"2025-07-12T02:45:35.768Z","category":"SCREEN","message":"Start menu displayed for user 292854498299346945","eventType":"start_menu","data":null}
{"timestamp":"2025-07-12T03:19:18.375Z","category":"AUDIT:RULES","message":"RULES.txt loaded successfully","eventType":"rules_loaded","data":null}
{"timestamp":"2025-07-12T03:19:18.433Z","category":"AUDIT:SYSTEM","message":"Audit logger initialized successfully","eventType":"system_init","data":null}
{"timestamp":"2025-07-12T03:19:55.962Z","category":"COMMAND","message":"User 292854498299346945 (gdwizard) used !ch command","eventType":"start_game","data":null}
{"timestamp":"2025-07-12T03:19:55.963Z","category":"GAME_STATE","message":"Creating new game state for user 292854498299346945","eventType":"new_game","data":null}
{"timestamp":"2025-07-12T03:19:56.570Z","category":"SCREEN","message":"Start menu displayed for user 292854498299346945","eventType":"start_menu","data":null}
{"timestamp":"2025-07-12T03:26:32.109Z","category":"COMMAND","message":"User 292854498299346945 (gdwizard) used !ch command","eventType":"start_game","data":null}
{"timestamp":"2025-07-12T03:26:32.111Z","category":"GAME_STATE","message":"Resuming existing game for user 292854498299346945","eventType":"resume_game","data":null}
{"timestamp":"2025-07-12T03:26:32.621Z","category":"SCREEN","message":"Start menu displayed for user 292854498299346945","eventType":"start_menu","data":null}
{"timestamp":"2025-07-12T03:35:17.864Z","category":"AUDIT:RULES","message":"RULES.txt loaded successfully","eventType":"rules_loaded","data":null}
{"timestamp":"2025-07-12T03:35:17.920Z","category":"AUDIT:SYSTEM","message":"Audit logger initialized successfully","eventType":"system_init","data":null}
{"timestamp":"2025-07-12T03:36:18.793Z","category":"COMMAND","message":"User 292854498299346945 (gdwizard) used !ch command","eventType":"start_game","data":null}
{"timestamp":"2025-07-12T03:36:18.794Z","category":"GAME_STATE","message":"Creating new game state for user 292854498299346945","eventType":"new_game","data":null}
{"timestamp":"2025-07-12T03:36:20.002Z","category":"SCREEN","message":"Start menu displayed for user 292854498299346945","eventType":"start_menu","data":null}
{"timestamp":"2025-07-12T03:37:46.757Z","category":"SUCCESS","message":"Interaction update successful","eventType":"interaction_response","data":null}
{"timestamp":"2025-07-12T03:40:56.229Z","category":"AUDIT:RULES","message":"RULES.txt loaded successfully","eventType":"rules_loaded","data":null}
{"timestamp":"2025-07-12T03:40:56.282Z","category":"AUDIT:SYSTEM","message":"Audit logger initialized successfully","eventType":"system_init","data":null}
{"timestamp":"2025-07-12T03:43:07.101Z","category":"COMMAND","message":"User 292854498299346945 (gdwizard) used !ch command","eventType":"start_game","data":null}
{"timestamp":"2025-07-12T03:43:07.102Z","category":"GAME_STATE","message":"Creating new game state for user 292854498299346945","eventType":"new_game","data":null}
{"timestamp":"2025-07-12T03:43:07.705Z","category":"SCREEN","message":"Start menu displayed for user 292854498299346945","eventType":"start_menu","data":null}
{"timestamp":"2025-07-12T03:46:20.892Z","category":"AUDIT:RULES","message":"RULES.txt loaded successfully","eventType":"rules_loaded","data":null}
{"timestamp":"2025-07-12T03:46:20.933Z","category":"AUDIT:SYSTEM","message":"Audit logger initialized successfully","eventType":"system_init","data":null}
{"timestamp":"2025-07-12T03:51:43.422Z","category":"COMMAND","message":"User 292854498299346945 (gdwizard) used !ch command","eventType":"start_game","data":null}
{"timestamp":"2025-07-12T03:51:43.423Z","category":"GAME_STATE","message":"Creating new game state for user 292854498299346945","eventType":"new_game","data":null}
{"timestamp":"2025-07-12T03:51:44.000Z","category":"SCREEN","message":"Start menu displayed for user 292854498299346945","eventType":"start_menu","data":null}
{"timestamp":"2025-07-12T03:52:03.133Z","category":"COMMAND","message":"User 292854498299346945 (gdwizard) used !ch command","eventType":"start_game","data":null}
{"timestamp":"2025-07-12T03:52:03.135Z","category":"GAME_STATE","message":"Resuming existing game for user 292854498299346945","eventType":"resume_game","data":null}
{"timestamp":"2025-07-12T03:52:03.582Z","category":"SCREEN","message":"Start menu displayed for user 292854498299346945","eventType":"start_menu","data":null}
{"timestamp":"2025-07-12T03:57:02.982Z","category":"AUDIT:RULES","message":"RULES.txt loaded successfully","eventType":"rules_loaded","data":null}
{"timestamp":"2025-07-12T03:57:03.030Z","category":"AUDIT:SYSTEM","message":"Audit logger initialized successfully","eventType":"system_init","data":null}
{"timestamp":"2025-07-12T03:57:24.293Z","category":"COMMAND","message":"User 292854498299346945 (gdwizard) used !ch command","eventType":"start_game","data":null}
{"timestamp":"2025-07-12T03:57:24.294Z","category":"GAME_STATE","message":"Creating new game state for user 292854498299346945","eventType":"new_game","data":null}
{"timestamp":"2025-07-12T03:57:24.796Z","category":"SCREEN","message":"Start menu displayed for user 292854498299346945","eventType":"start_menu","data":null}
{"timestamp":"2025-07-12T03:59:08.964Z","category":"AUDIT:RULES","message":"RULES.txt loaded successfully","eventType":"rules_loaded","data":null}
{"timestamp":"2025-07-12T03:59:09.032Z","category":"AUDIT:SYSTEM","message":"Audit logger initialized successfully","eventType":"system_init","data":null}
{"timestamp":"2025-07-12T03:59:27.391Z","category":"COMMAND","message":"User 292854498299346945 (gdwizard) used !ch command","eventType":"start_game","data":null}
{"timestamp":"2025-07-12T03:59:27.392Z","category":"GAME_STATE","message":"Creating new game state for user 292854498299346945","eventType":"new_game","data":null}
{"timestamp":"2025-07-12T03:59:27.930Z","category":"SCREEN","message":"Start menu displayed for user 292854498299346945","eventType":"start_menu","data":null}
{"timestamp":"2025-07-12T03:59:46.749Z","category":"COMMAND","message":"User 292854498299346945 (gdwizard) used !ch command","eventType":"start_game","data":null}
{"timestamp":"2025-07-12T03:59:46.750Z","category":"GAME_STATE","message":"Resuming existing game for user 292854498299346945","eventType":"resume_game","data":null}
{"timestamp":"2025-07-12T03:59:47.334Z","category":"SCREEN","message":"Start menu displayed for user 292854498299346945","eventType":"start_menu","data":null}
{"timestamp":"2025-07-12T04:03:02.155Z","category":"AUDIT:RULES","message":"RULES.txt loaded successfully","eventType":"rules_loaded","data":null}
{"timestamp":"2025-07-12T04:03:02.203Z","category":"AUDIT:SYSTEM","message":"Audit logger initialized successfully","eventType":"system_init","data":null}
{"timestamp":"2025-07-12T04:03:32.597Z","category":"COMMAND","message":"User 292854498299346945 (gdwizard) used !ch command","eventType":"start_game","data":null}
{"timestamp":"2025-07-12T04:03:32.599Z","category":"GAME_STATE","message":"Creating new game state for user 292854498299346945","eventType":"new_game","data":null}
{"timestamp":"2025-07-12T04:03:33.149Z","category":"SCREEN","message":"Start menu displayed for user 292854498299346945","eventType":"start_menu","data":null}
{"timestamp":"2025-07-12T04:09:55.090Z","category":"AUDIT:RULES","message":"RULES.txt loaded successfully","eventType":"rules_loaded","data":null}
{"timestamp":"2025-07-12T04:09:55.140Z","category":"AUDIT:SYSTEM","message":"Audit logger initialized successfully","eventType":"system_init","data":null}
{"timestamp":"2025-07-12T04:14:59.778Z","category":"COMMAND","message":"User 292854498299346945 (gdwizard) used !ch command","eventType":"start_game","data":null}
{"timestamp":"2025-07-12T04:14:59.779Z","category":"GAME_STATE","message":"Creating new game state for user 292854498299346945","eventType":"new_game","data":null}
{"timestamp":"2025-07-12T04:15:00.433Z","category":"SCREEN","message":"Start menu displayed for user 292854498299346945","eventType":"start_menu","data":null}
{"timestamp":"2025-07-12T04:17:46.805Z","category":"COMMAND","message":"User 292854498299346945 (gdwizard) used !ch command","eventType":"start_game","data":null}
{"timestamp":"2025-07-12T04:17:46.806Z","category":"GAME_STATE","message":"Resuming existing game for user 292854498299346945","eventType":"resume_game","data":null}
{"timestamp":"2025-07-12T04:17:47.324Z","category":"SCREEN","message":"Start menu displayed for user 292854498299346945","eventType":"start_menu","data":null}
{"timestamp":"2025-07-12T04:20:30.544Z","category":"AUDIT:RULES","message":"RULES.txt loaded successfully","eventType":"rules_loaded","data":null}
{"timestamp":"2025-07-12T04:20:30.591Z","category":"AUDIT:SYSTEM","message":"Audit logger initialized successfully","eventType":"system_init","data":null}
{"timestamp":"2025-07-12T04:21:00.773Z","category":"COMMAND","message":"User 292854498299346945 (gdwizard) used !ch command","eventType":"start_game","data":null}
{"timestamp":"2025-07-12T04:21:00.775Z","category":"GAME_STATE","message":"Creating new game state for user 292854498299346945","eventType":"new_game","data":null}
{"timestamp":"2025-07-12T04:21:01.445Z","category":"SCREEN","message":"Start menu displayed for user 292854498299346945","eventType":"start_menu","data":null}
{"timestamp":"2025-07-12T04:21:44.587Z","category":"COMMAND","message":"User 292854498299346945 (gdwizard) used !ch command","eventType":"start_game","data":null}
{"timestamp":"2025-07-12T04:21:44.589Z","category":"GAME_STATE","message":"Resuming existing game for user 292854498299346945","eventType":"resume_game","data":null}
{"timestamp":"2025-07-12T04:21:45.411Z","category":"SCREEN","message":"Start menu displayed for user 292854498299346945","eventType":"start_menu","data":null}
{"timestamp":"2025-07-12T04:38:47.339Z","category":"AUDIT:RULES","message":"RULES.txt loaded successfully","eventType":"rules_loaded","data":null}
{"timestamp":"2025-07-12T04:38:47.391Z","category":"AUDIT:SYSTEM","message":"Audit logger initialized successfully","eventType":"system_init","data":null}
{"timestamp":"2025-07-12T04:38:58.694Z","category":"COMMAND","message":"User 292854498299346945 (gdwizard) used !ch command","eventType":"start_game","data":null}
{"timestamp":"2025-07-12T04:38:58.695Z","category":"GAME_STATE","message":"Creating new game state for user 292854498299346945","eventType":"new_game","data":null}
{"timestamp":"2025-07-12T04:38:59.187Z","category":"SCREEN","message":"Start menu displayed for user 292854498299346945","eventType":"start_menu","data":null}
{"timestamp":"2025-07-12T04:43:16.495Z","category":"AUDIT:RULES","message":"RULES.txt loaded successfully","eventType":"rules_loaded","data":null}
{"timestamp":"2025-07-12T04:43:16.537Z","category":"AUDIT:SYSTEM","message":"Audit logger initialized successfully","eventType":"system_init","data":null}
{"timestamp":"2025-07-12T04:43:31.528Z","category":"COMMAND","message":"User 292854498299346945 (gdwizard) used !ch command","eventType":"start_game","data":null}
{"timestamp":"2025-07-12T04:43:31.530Z","category":"GAME_STATE","message":"Creating new game state for user 292854498299346945","eventType":"new_game","data":null}
{"timestamp":"2025-07-12T04:43:32.075Z","category":"SCREEN","message":"Start menu displayed for user 292854498299346945","eventType":"start_menu","data":null}
{"timestamp":"2025-07-12T04:46:55.652Z","category":"AUDIT:RULES","message":"RULES.txt loaded successfully","eventType":"rules_loaded","data":null}
{"timestamp":"2025-07-12T04:46:55.696Z","category":"AUDIT:SYSTEM","message":"Audit logger initialized successfully","eventType":"system_init","data":null}
{"timestamp":"2025-07-12T04:49:07.786Z","category":"COMMAND","message":"User 292854498299346945 (gdwizard) used !ch command","eventType":"start_game","data":null}
{"timestamp":"2025-07-12T04:49:07.787Z","category":"GAME_STATE","message":"Creating new game state for user 292854498299346945","eventType":"new_game","data":null}
{"timestamp":"2025-07-12T04:49:08.500Z","category":"SCREEN","message":"Start menu displayed for user 292854498299346945","eventType":"start_menu","data":null}
{"timestamp":"2025-07-12T05:02:30.544Z","category":"AUDIT:RULES","message":"RULES.txt loaded successfully","eventType":"rules_loaded","data":null}
{"timestamp":"2025-07-12T05:02:30.592Z","category":"AUDIT:SYSTEM","message":"Audit logger initialized successfully","eventType":"system_init","data":null}
{"timestamp":"2025-07-12T05:03:36.323Z","category":"COMMAND","message":"User 292854498299346945 (gdwizard) used !ch command","eventType":"start_game","data":null}
{"timestamp":"2025-07-12T05:03:36.324Z","category":"GAME_STATE","message":"Creating new game state for user 292854498299346945","eventType":"new_game","data":null}
{"timestamp":"2025-07-12T05:03:36.326Z","category":"COMMAND","message":"User 292854498299346945 (gdwizard) used !ch command","eventType":"start_game","data":null}
{"timestamp":"2025-07-12T05:03:36.327Z","category":"GAME_STATE","message":"Resuming existing game for user 292854498299346945","eventType":"resume_game","data":null}
{"timestamp":"2025-07-12T05:03:36.836Z","category":"SCREEN","message":"Start menu displayed for user 292854498299346945","eventType":"start_menu","data":null}
{"timestamp":"2025-07-12T05:03:36.898Z","category":"SCREEN","message":"Start menu displayed for user 292854498299346945","eventType":"start_menu","data":null}
{"timestamp":"2025-07-12T05:05:28.631Z","category":"AUDIT:RULES","message":"RULES.txt loaded successfully","eventType":"rules_loaded","data":null}
{"timestamp":"2025-07-12T05:05:28.678Z","category":"AUDIT:SYSTEM","message":"Audit logger initialized successfully","eventType":"system_init","data":null}
{"timestamp":"2025-07-12T05:05:37.254Z","category":"COMMAND","message":"User 292854498299346945 (gdwizard) used !ch command","eventType":"start_game","data":null}
{"timestamp":"2025-07-12T05:05:37.255Z","category":"GAME_STATE","message":"Creating new game state for user 292854498299346945","eventType":"new_game","data":null}
{"timestamp":"2025-07-12T05:05:37.786Z","category":"SCREEN","message":"Start menu displayed for user 292854498299346945","eventType":"start_menu","data":null}
{"timestamp":"2025-07-12T05:08:29.223Z","category":"AUDIT:RULES","message":"RULES.txt loaded successfully","eventType":"rules_loaded","data":null}
{"timestamp":"2025-07-12T05:08:29.267Z","category":"AUDIT:SYSTEM","message":"Audit logger initialized successfully","eventType":"system_init","data":null}
{"timestamp":"2025-07-12T05:16:45.241Z","category":"COMMAND","message":"User 292854498299346945 (gdwizard) used !ch command","eventType":"start_game","data":null}
{"timestamp":"2025-07-12T05:16:45.243Z","category":"GAME_STATE","message":"Creating new game state for user 292854498299346945","eventType":"new_game","data":null}
{"timestamp":"2025-07-12T05:16:45.908Z","category":"SCREEN","message":"Start menu displayed for user 292854498299346945","eventType":"start_menu","data":null}
{"timestamp":"2025-07-12T05:22:42.565Z","category":"SUCCESS","message":"Interaction update successful","eventType":"interaction_response","data":null}
{"timestamp":"2025-07-12T05:22:47.052Z","category":"SUCCESS","message":"Interaction update successful","eventType":"interaction_response","data":null}
{"timestamp":"2025-07-12T05:43:29.494Z","category":"AUDIT:RULES","message":"RULES.txt loaded successfully","eventType":"rules_loaded","data":null}
{"timestamp":"2025-07-12T05:43:29.539Z","category":"AUDIT:SYSTEM","message":"Audit logger initialized successfully","eventType":"system_init","data":null}
{"timestamp":"2025-07-12T05:43:35.896Z","category":"COMMAND","message":"User 292854498299346945 (gdwizard) used !ch command","eventType":"start_game","data":null}
{"timestamp":"2025-07-12T05:43:35.897Z","category":"GAME_STATE","message":"Creating new game state for user 292854498299346945","eventType":"new_game","data":null}
{"timestamp":"2025-07-12T05:43:36.380Z","category":"SCREEN","message":"Start menu displayed for user 292854498299346945","eventType":"start_menu","data":null}
{"timestamp":"2025-07-12T05:44:28.599Z","category":"SUCCESS","message":"Interaction update successful","eventType":"interaction_response","data":null}
{"timestamp":"2025-07-12T05:44:34.209Z","category":"SUCCESS","message":"Interaction update successful","eventType":"interaction_response","data":null}
{"timestamp":"2025-07-12T05:53:28.089Z","category":"COMMAND","message":"User 292854498299346945 (gdwizard) used !ch command","eventType":"start_game","data":null}
{"timestamp":"2025-07-12T05:53:28.091Z","category":"GAME_STATE","message":"Resuming existing game for user 292854498299346945","eventType":"resume_game","data":null}
{"timestamp":"2025-07-12T05:53:28.777Z","category":"SCREEN","message":"Start menu displayed for user 292854498299346945","eventType":"start_menu","data":null}
{"timestamp":"2025-07-12T06:21:33.052Z","category":"COMMAND","message":"User 292854498299346945 (gdwizard) used !ch command","eventType":"start_game","data":null}
{"timestamp":"2025-07-12T06:21:33.053Z","category":"GAME_STATE","message":"Creating new game state for user 292854498299346945","eventType":"new_game","data":null}
{"timestamp":"2025-07-12T06:21:34.197Z","category":"SCREEN","message":"Start menu displayed for user 292854498299346945","eventType":"start_menu","data":null}
{"timestamp":"2025-07-12T06:45:19.015Z","category":"AUDIT:RULES","message":"RULES.txt loaded successfully","eventType":"rules_loaded","data":null}
{"timestamp":"2025-07-12T06:45:19.067Z","category":"AUDIT:SYSTEM","message":"Audit logger initialized successfully","eventType":"system_init","data":null}
{"timestamp":"2025-07-12T08:24:58.856Z","category":"AUDIT:RULES","message":"RULES.txt loaded successfully","eventType":"rules_loaded","data":null}
{"timestamp":"2025-07-12T08:24:58.909Z","category":"AUDIT:SYSTEM","message":"Audit logger initialized successfully","eventType":"system_init","data":null}
{"timestamp":"2025-07-12T08:25:44.264Z","category":"COMMAND","message":"User 292854498299346945 (gdwizard) used !ch command","eventType":"start_game","data":null}
{"timestamp":"2025-07-12T08:25:44.266Z","category":"GAME_STATE","message":"Creating new game state for user 292854498299346945","eventType":"new_game","data":null}
{"timestamp":"2025-07-12T08:25:44.759Z","category":"SCREEN","message":"Start menu displayed for user 292854498299346945","eventType":"start_menu","data":null}
{"timestamp":"2025-07-12T08:55:37.203Z","category":"AUDIT:RULES","message":"RULES.txt loaded successfully","eventType":"rules_loaded","data":null}
{"timestamp":"2025-07-12T08:55:37.282Z","category":"AUDIT:SYSTEM","message":"Audit logger initialized successfully","eventType":"system_init","data":null}
{"timestamp":"2025-07-12T08:55:57.242Z","category":"COMMAND","message":"User 292854498299346945 (gdwizard) used !ch command","eventType":"start_game","data":null}
{"timestamp":"2025-07-12T08:55:57.243Z","category":"GAME_STATE","message":"Creating new game state for user 292854498299346945","eventType":"new_game","data":null}
{"timestamp":"2025-07-12T08:55:57.793Z","category":"SCREEN","message":"Start menu displayed for user 292854498299346945","eventType":"start_menu","data":null}
{"timestamp":"2025-07-12T10:21:50.792Z","category":"AUDIT:RULES","message":"RULES.txt loaded successfully","eventType":"rules_loaded","data":null}
{"timestamp":"2025-07-12T10:21:50.840Z","category":"AUDIT:SYSTEM","message":"Audit logger initialized successfully","eventType":"system_init","data":null}
{"timestamp":"2025-07-12T10:22:04.792Z","category":"COMMAND","message":"User 292854498299346945 (gdwizard) used !ch command","eventType":"start_game","data":null}
{"timestamp":"2025-07-12T10:22:04.793Z","category":"GAME_STATE","message":"Creating new game state for user 292854498299346945","eventType":"new_game","data":null}
{"timestamp":"2025-07-12T10:22:05.322Z","category":"SCREEN","message":"Start menu displayed for user 292854498299346945","eventType":"start_menu","data":null}
{"timestamp":"2025-07-12T10:24:13.973Z","category":"ERROR","message":"Admin command announce failed: Admin password not configured on server","eventType":"admin_error","data":null}
{"timestamp":"2025-07-12T10:26:49.281Z","category":"AUDIT:RULES","message":"RULES.txt loaded successfully","eventType":"rules_loaded","data":null}
{"timestamp":"2025-07-12T10:26:49.328Z","category":"AUDIT:SYSTEM","message":"Audit logger initialized successfully","eventType":"system_init","data":null}
{"timestamp":"2025-07-12T10:29:40.719Z","category":"AUDIT:RULES","message":"RULES.txt loaded successfully","eventType":"rules_loaded","data":null}
{"timestamp":"2025-07-12T10:29:40.761Z","category":"AUDIT:SYSTEM","message":"Audit logger initialized successfully","eventType":"system_init","data":null}
{"timestamp":"2025-07-12T10:32:17.061Z","category":"COMMAND","message":"User 292854498299346945 (gdwizard) used !ch command","eventType":"start_game","data":null}
{"timestamp":"2025-07-12T10:32:17.062Z","category":"GAME_STATE","message":"Creating new game state for user 292854498299346945","eventType":"new_game","data":null}
{"timestamp":"2025-07-12T10:32:17.751Z","category":"SCREEN","message":"Start menu displayed for user 292854498299346945","eventType":"start_menu","data":null}
{"timestamp":"2025-07-12T10:33:36.371Z","category":"ERROR","message":"Admin command announce failed: Admin password not configured on server","eventType":"admin_error","data":null}
{"timestamp":"2025-07-12T12:08:51.959Z","category":"AUDIT:RULES","message":"RULES.txt loaded successfully","eventType":"rules_loaded","data":null}
{"timestamp":"2025-07-12T12:08:52.036Z","category":"AUDIT:SYSTEM","message":"Audit logger initialized successfully","eventType":"system_init","data":null}
{"timestamp":"2025-07-12T12:10:44.591Z","category":"AUDIT:RULES","message":"RULES.txt loaded successfully","eventType":"rules_loaded","data":null}
{"timestamp":"2025-07-12T12:10:44.639Z","category":"AUDIT:SYSTEM","message":"Audit logger initialized successfully","eventType":"system_init","data":null}
{"timestamp":"2025-07-12T12:12:40.273Z","category":"COMMAND","message":"User 292854498299346945 (gdwizard) used !ch command","eventType":"start_game","data":null}
{"timestamp":"2025-07-12T12:12:40.274Z","category":"GAME_STATE","message":"Creating new game state for user 292854498299346945","eventType":"new_game","data":null}
{"timestamp":"2025-07-12T12:12:40.826Z","category":"SCREEN","message":"Start menu displayed for user 292854498299346945","eventType":"start_menu","data":null}
{"timestamp":"2025-07-12T12:13:41.585Z","category":"AUDIT:RULES","message":"RULES.txt loaded successfully","eventType":"rules_loaded","data":null}
{"timestamp":"2025-07-12T12:13:41.595Z","category":"AUDIT:SYSTEM","message":"Audit logger initialized successfully","eventType":"system_init","data":null}
{"timestamp":"2025-07-12T12:15:56.863Z","category":"AUDIT:RULES","message":"RULES.txt loaded successfully","eventType":"rules_loaded","data":null}
{"timestamp":"2025-07-12T12:15:56.924Z","category":"AUDIT:SYSTEM","message":"Audit logger initialized successfully","eventType":"system_init","data":null}
{"timestamp":"2025-07-12T12:17:16.335Z","category":"AUDIT:RULES","message":"RULES.txt loaded successfully","eventType":"rules_loaded","data":null}
{"timestamp":"2025-07-12T12:17:16.385Z","category":"AUDIT:SYSTEM","message":"Audit logger initialized successfully","eventType":"system_init","data":null}
{"timestamp":"2025-07-12T12:17:50.611Z","category":"COMMAND","message":"User 292854498299346945 (gdwizard) used !ch command","eventType":"start_game","data":null}
{"timestamp":"2025-07-12T12:17:50.612Z","category":"GAME_STATE","message":"Creating new game state for user 292854498299346945","eventType":"new_game","data":null}
{"timestamp":"2025-07-12T12:17:51.188Z","category":"SCREEN","message":"Start menu displayed for user 292854498299346945","eventType":"start_menu","data":null}
{"timestamp":"2025-07-12T12:19:49.397Z","category":"ADMIN","message":"Admin profile created for server 1196764104677929011 by 292854498299346945","eventType":"admin_profile_created","data":null}
{"timestamp":"2025-07-12T12:20:57.680Z","category":"ADMIN","message":"Certified role 1196774070100951123 configured by 292854498299346945 on server 1196764104677929011","eventType":"certified_role_added","data":null}
{"timestamp":"2025-07-12T12:21:49.657Z","category":"ADMIN","message":"Certified role 1196774070100951123 configured by 292854498299346945 on server 1196764104677929011","eventType":"certified_role_added","data":null}
{"timestamp":"2025-07-12T12:45:19.960Z","category":"AUDIT:RULES","message":"RULES.txt loaded successfully","eventType":"rules_loaded","data":null}
{"timestamp":"2025-07-12T12:45:20.049Z","category":"AUDIT:SYSTEM","message":"Audit logger initialized successfully","eventType":"system_init","data":null}
{"timestamp":"2025-07-12T12:47:33.550Z","category":"COMMAND","message":"User 292854498299346945 (gdwizard) used !ch command","eventType":"start_game","data":null}
{"timestamp":"2025-07-12T12:47:33.552Z","category":"GAME_STATE","message":"Creating new game state for user 292854498299346945","eventType":"new_game","data":null}
{"timestamp":"2025-07-12T12:47:34.215Z","category":"SCREEN","message":"Start menu displayed for user 292854498299346945","eventType":"start_menu","data":null}
{"timestamp":"2025-07-12T12:49:50.819Z","category":"COMMAND","message":"User 292854498299346945 (gdwizard) used !ch command","eventType":"start_game","data":null}
{"timestamp":"2025-07-12T12:49:50.820Z","category":"GAME_STATE","message":"Resuming existing game for user 292854498299346945","eventType":"resume_game","data":null}
{"timestamp":"2025-07-12T12:49:51.292Z","category":"SCREEN","message":"Start menu displayed for user 292854498299346945","eventType":"start_menu","data":null}
{"timestamp":"2025-07-12T13:24:27.074Z","category":"AUDIT:RULES","message":"RULES.txt loaded successfully","eventType":"rules_loaded","data":null}
{"timestamp":"2025-07-12T13:24:29.019Z","category":"AUDIT:SYSTEM","message":"Audit logger initialized successfully","eventType":"system_init","data":null}
{"timestamp":"2025-07-12T13:26:48.283Z","category":"COMMAND","message":"User 292854498299346945 (gdwizard) used !ch command","eventType":"start_game","data":null}
{"timestamp":"2025-07-12T13:26:48.285Z","category":"GAME_STATE","message":"Creating new game state for user 292854498299346945","eventType":"new_game","data":null}
{"timestamp":"2025-07-12T13:26:48.928Z","category":"SCREEN","message":"Start menu displayed for user 292854498299346945","eventType":"start_menu","data":null}
{"timestamp":"2025-07-12T13:40:43.058Z","category":"AUDIT:RULES","message":"RULES.txt loaded successfully","eventType":"rules_loaded","data":null}
{"timestamp":"2025-07-12T13:40:43.126Z","category":"AUDIT:SYSTEM","message":"Audit logger initialized successfully","eventType":"system_init","data":null}
{"timestamp":"2025-07-12T13:40:50.438Z","category":"ERROR","message":"Interaction update failed: Unknown interaction","eventType":"interaction_error","data":null}
{"timestamp":"2025-07-12T13:40:52.723Z","category":"AUDIT:RULES","message":"RULES.txt loaded successfully","eventType":"rules_loaded","data":null}
{"timestamp":"2025-07-12T13:40:52.801Z","category":"AUDIT:SYSTEM","message":"Audit logger initialized successfully","eventType":"system_init","data":null}
{"timestamp":"2025-07-12T13:40:58.551Z","category":"SUCCESS","message":"Interaction update successful","eventType":"interaction_response","data":null}
{"timestamp":"2025-07-12T13:40:58.679Z","category":"ERROR","message":"Interaction update failed: Unknown interaction","eventType":"interaction_error","data":null}
{"timestamp":"2025-07-12T13:40:59.018Z","category":"ERROR","message":"Interaction update failed: Interaction has already been acknowledged.","eventType":"interaction_error","data":null}
{"timestamp":"2025-07-12T13:41:03.205Z","category":"ERROR","message":"Interaction update failed: Unknown interaction","eventType":"interaction_error","data":null}
{"timestamp":"2025-07-12T13:41:03.275Z","category":"SUCCESS","message":"Interaction update successful","eventType":"interaction_response","data":null}
{"timestamp":"2025-07-12T13:41:03.568Z","category":"ERROR","message":"Interaction update failed: Interaction has already been acknowledged.","eventType":"interaction_error","data":null}
{"timestamp":"2025-07-12T13:41:24.844Z","category":"COMMAND","message":"User 292854498299346945 (gdwizard) used !ch command","eventType":"start_game","data":null}
{"timestamp":"2025-07-12T13:41:24.845Z","category":"GAME_STATE","message":"Creating new game state for user 292854498299346945","eventType":"new_game","data":null}
{"timestamp":"2025-07-12T13:41:24.852Z","category":"COMMAND","message":"User 292854498299346945 (gdwizard) used !ch command","eventType":"start_game","data":null}
{"timestamp":"2025-07-12T13:41:24.853Z","category":"GAME_STATE","message":"Resuming existing game for user 292854498299346945","eventType":"resume_game","data":null}
{"timestamp":"2025-07-12T13:41:24.869Z","category":"COMMAND","message":"User 292854498299346945 (gdwizard) used !ch command","eventType":"start_game","data":null}
{"timestamp":"2025-07-12T13:41:24.870Z","category":"GAME_STATE","message":"Creating new game state for user 292854498299346945","eventType":"new_game","data":null}
{"timestamp":"2025-07-12T13:41:25.417Z","category":"SCREEN","message":"Start menu displayed for user 292854498299346945","eventType":"start_menu","data":null}
{"timestamp":"2025-07-12T13:41:25.481Z","category":"SCREEN","message":"Start menu displayed for user 292854498299346945","eventType":"start_menu","data":null}
{"timestamp":"2025-07-12T13:41:25.526Z","category":"SCREEN","message":"Start menu displayed for user 292854498299346945","eventType":"start_menu","data":null}
{"timestamp":"2025-07-12T13:41:41.771Z","category":"ERROR","message":"Interaction update failed: Interaction has already been acknowledged.","eventType":"interaction_error","data":null}
{"timestamp":"2025-07-12T13:41:44.862Z","category":"ERROR","message":"Interaction update failed: Interaction has already been acknowledged.","eventType":"interaction_error","data":null}
{"timestamp":"2025-07-12T13:41:51.796Z","category":"ERROR","message":"Interaction update failed: Interaction has already been acknowledged.","eventType":"interaction_error","data":null}
{"timestamp":"2025-07-12T13:41:58.251Z","category":"ERROR","message":"Interaction update failed: Interaction has already been acknowledged.","eventType":"interaction_error","data":null}
{"timestamp":"2025-07-12T13:42:02.210Z","category":"ERROR","message":"Interaction update failed: Interaction has already been acknowledged.","eventType":"interaction_error","data":null}
{"timestamp":"2025-07-12T13:42:04.977Z","category":"ERROR","message":"Interaction update failed: Interaction has already been acknowledged.","eventType":"interaction_error","data":null}
{"timestamp":"2025-07-12T13:42:07.576Z","category":"ERROR","message":"Interaction update failed: Interaction has already been acknowledged.","eventType":"interaction_error","data":null}
{"timestamp":"2025-07-12T13:42:11.201Z","category":"ERROR","message":"Interaction update failed: Interaction has already been acknowledged.","eventType":"interaction_error","data":null}
{"timestamp":"2025-07-12T13:42:15.101Z","category":"ERROR","message":"Interaction update failed: Interaction has already been acknowledged.","eventType":"interaction_error","data":null}
{"timestamp":"2025-07-12T13:42:18.877Z","category":"ERROR","message":"Interaction update failed: Interaction has already been acknowledged.","eventType":"interaction_error","data":null}
{"timestamp":"2025-07-12T13:42:20.873Z","category":"ERROR","message":"Interaction update failed: Interaction has already been acknowledged.","eventType":"interaction_error","data":null}
{"timestamp":"2025-07-12T13:42:24.928Z","category":"ERROR","message":"Interaction update failed: Unknown interaction","eventType":"interaction_error","data":null}
{"timestamp":"2025-07-12T13:42:31.713Z","category":"ERROR","message":"Interaction update failed: Interaction has already been acknowledged.","eventType":"interaction_error","data":null}
{"timestamp":"2025-07-12T13:42:34.057Z","category":"ERROR","message":"Interaction update failed: Interaction has already been acknowledged.","eventType":"interaction_error","data":null}
{"timestamp":"2025-07-12T13:42:38.357Z","category":"ERROR","message":"Interaction update failed: Interaction has already been acknowledged.","eventType":"interaction_error","data":null}
{"timestamp":"2025-07-12T13:42:42.706Z","category":"ERROR","message":"Interaction update failed: Interaction has already been acknowledged.","eventType":"interaction_error","data":null}
{"timestamp":"2025-07-12T13:44:38.235Z","category":"ERROR","message":"Interaction update failed: Interaction has already been acknowledged.","eventType":"interaction_error","data":null}
{"timestamp":"2025-07-12T14:02:59.825Z","category":"AUDIT:RULES","message":"RULES.txt loaded successfully","eventType":"rules_loaded","data":null}
{"timestamp":"2025-07-12T14:02:59.920Z","category":"AUDIT:SYSTEM","message":"Audit logger initialized successfully","eventType":"system_init","data":null}
{"timestamp":"2025-07-12T14:03:08.409Z","category":"AUDIT:RULES","message":"RULES.txt loaded successfully","eventType":"rules_loaded","data":null}
{"timestamp":"2025-07-12T14:03:08.484Z","category":"AUDIT:SYSTEM","message":"Audit logger initialized successfully","eventType":"system_init","data":null}
{"timestamp":"2025-07-12T14:03:35.190Z","category":"COMMAND","message":"User 292854498299346945 (gdwizard) used !ch command","eventType":"start_game","data":null}
{"timestamp":"2025-07-12T14:03:35.191Z","category":"GAME_STATE","message":"Creating new game state for user 292854498299346945","eventType":"new_game","data":null}
{"timestamp":"2025-07-12T14:03:35.197Z","category":"COMMAND","message":"User 292854498299346945 (gdwizard) used !ch command","eventType":"start_game","data":null}
{"timestamp":"2025-07-12T14:03:35.199Z","category":"GAME_STATE","message":"Creating new game state for user 292854498299346945","eventType":"new_game","data":null}
{"timestamp":"2025-07-12T14:03:35.690Z","category":"SCREEN","message":"Start menu displayed for user 292854498299346945","eventType":"start_menu","data":null}
{"timestamp":"2025-07-12T14:03:35.746Z","category":"SCREEN","message":"Start menu displayed for user 292854498299346945","eventType":"start_menu","data":null}
{"timestamp":"2025-07-12T14:03:41.314Z","category":"ERROR","message":"Interaction update failed: Interaction has already been acknowledged.","eventType":"interaction_error","data":null}
{"timestamp":"2025-07-12T14:03:46.258Z","category":"ERROR","message":"Interaction update failed: Interaction has already been acknowledged.","eventType":"interaction_error","data":null}
{"timestamp":"2025-07-12T14:03:50.656Z","category":"ERROR","message":"Interaction update failed: Interaction has already been acknowledged.","eventType":"interaction_error","data":null}
{"timestamp":"2025-07-12T14:04:01.368Z","category":"ERROR","message":"Interaction update failed: Interaction has already been acknowledged.","eventType":"interaction_error","data":null}
{"timestamp":"2025-07-12T14:35:22.933Z","category":"AUDIT:RULES","message":"RULES.txt loaded successfully","eventType":"rules_loaded","data":null}
{"timestamp":"2025-07-12T14:35:23.047Z","category":"AUDIT:SYSTEM","message":"Audit logger initialized successfully","eventType":"system_init","data":null}
{"timestamp":"2025-07-12T14:35:36.213Z","category":"COMMAND","message":"User 292854498299346945 (gdwizard) used !ch command","eventType":"start_game","data":null}
{"timestamp":"2025-07-12T14:35:36.215Z","category":"GAME_STATE","message":"Creating new game state for user 292854498299346945","eventType":"new_game","data":null}
{"timestamp":"2025-07-12T14:35:36.986Z","category":"SCREEN","message":"Start menu displayed for user 292854498299346945","eventType":"start_menu","data":null}
{"timestamp":"2025-07-12T14:35:51.727Z","category":"ERROR","message":"Interaction update failed: Unknown interaction","eventType":"interaction_error","data":null}
