{"timestamp":"2025-07-16T04:04:18.810Z","category":"AUDIT:RULES","message":"RULES.txt loaded successfully","eventType":"rules_loaded","data":null}
{"timestamp":"2025-07-16T04:04:19.780Z","category":"AUDIT:SYSTEM","message":"Audit logger initialized successfully","eventType":"system_init","data":null}
{"timestamp":"2025-07-16T04:06:31.019Z","category":"COMMAND","message":"User 292854498299346945 (gdwizard) used !ch command","eventType":"start_game","data":null}
{"timestamp":"2025-07-16T04:06:31.021Z","category":"GAME_STATE","message":"Creating new game state for user 292854498299346945","eventType":"new_game","data":null}
{"timestamp":"2025-07-16T04:06:33.411Z","category":"SCREEN","message":"Start menu displayed for user 292854498299346945","eventType":"start_menu","data":null}
{"timestamp":"2025-07-16T04:08:34.736Z","category":"AUDIT:RULES","message":"RULES.txt loaded successfully","eventType":"rules_loaded","data":null}
{"timestamp":"2025-07-16T04:08:34.792Z","category":"AUDIT:SYSTEM","message":"Audit logger initialized successfully","eventType":"system_init","data":null}
{"timestamp":"2025-07-16T04:18:35.635Z","category":"AUDIT:RULES","message":"RULES.txt loaded successfully","eventType":"rules_loaded","data":null}
{"timestamp":"2025-07-16T04:18:35.690Z","category":"AUDIT:SYSTEM","message":"Audit logger initialized successfully","eventType":"system_init","data":null}
{"timestamp":"2025-07-16T04:25:05.507Z","category":"AUDIT:RULES","message":"RULES.txt loaded successfully","eventType":"rules_loaded","data":null}
{"timestamp":"2025-07-16T04:25:05.565Z","category":"AUDIT:SYSTEM","message":"Audit logger initialized successfully","eventType":"system_init","data":null}
{"timestamp":"2025-07-16T04:32:01.706Z","category":"AUDIT:RULES","message":"RULES.txt loaded successfully","eventType":"rules_loaded","data":null}
{"timestamp":"2025-07-16T04:32:01.766Z","category":"AUDIT:SYSTEM","message":"Audit logger initialized successfully","eventType":"system_init","data":null}
{"timestamp":"2025-07-16T04:39:41.599Z","category":"AUDIT:RULES","message":"RULES.txt loaded successfully","eventType":"rules_loaded","data":null}
{"timestamp":"2025-07-16T04:39:41.644Z","category":"AUDIT:SYSTEM","message":"Audit logger initialized successfully","eventType":"system_init","data":null}
{"timestamp":"2025-07-16T04:43:14.828Z","category":"AUDIT:RULES","message":"RULES.txt loaded successfully","eventType":"rules_loaded","data":null}
{"timestamp":"2025-07-16T04:43:14.874Z","category":"AUDIT:SYSTEM","message":"Audit logger initialized successfully","eventType":"system_init","data":null}
{"timestamp":"2025-07-16T04:44:10.634Z","category":"SUCCESS","message":"Interaction update successful","eventType":"interaction_response","data":null}
{"timestamp":"2025-07-16T04:44:25.723Z","category":"COMMAND","message":"User 292854498299346945 (gdwizard) used !ch command","eventType":"start_game","data":null}
{"timestamp":"2025-07-16T04:44:25.724Z","category":"GAME_STATE","message":"Creating new game state for user 292854498299346945","eventType":"new_game","data":null}
{"timestamp":"2025-07-16T04:44:27.998Z","category":"SCREEN","message":"Start menu displayed for user 292854498299346945","eventType":"start_menu","data":null}
{"timestamp":"2025-07-16T04:51:14.742Z","category":"AUDIT:RULES","message":"RULES.txt loaded successfully","eventType":"rules_loaded","data":null}
{"timestamp":"2025-07-16T04:51:14.791Z","category":"AUDIT:SYSTEM","message":"Audit logger initialized successfully","eventType":"system_init","data":null}
{"timestamp":"2025-07-16T04:51:42.989Z","category":"SUCCESS","message":"Interaction update successful","eventType":"interaction_response","data":null}
{"timestamp":"2025-07-16T04:53:16.776Z","category":"COMMAND","message":"User 292854498299346945 (gdwizard) used !ch command","eventType":"start_game","data":null}
{"timestamp":"2025-07-16T04:53:16.777Z","category":"GAME_STATE","message":"Creating new game state for user 292854498299346945","eventType":"new_game","data":null}
{"timestamp":"2025-07-16T04:53:18.989Z","category":"SCREEN","message":"Start menu displayed for user 292854498299346945","eventType":"start_menu","data":null}
{"timestamp":"2025-07-16T04:53:39.091Z","category":"AUDIT:RULES","message":"RULES.txt loaded successfully","eventType":"rules_loaded","data":null}
{"timestamp":"2025-07-16T04:53:39.137Z","category":"AUDIT:SYSTEM","message":"Audit logger initialized successfully","eventType":"system_init","data":null}
{"timestamp":"2025-07-16T04:54:25.128Z","category":"SUCCESS","message":"Interaction update successful","eventType":"interaction_response","data":null}
{"timestamp":"2025-07-16T04:54:34.839Z","category":"COMMAND","message":"User 292854498299346945 (gdwizard) used !ch command","eventType":"start_game","data":null}
{"timestamp":"2025-07-16T04:54:34.841Z","category":"GAME_STATE","message":"Creating new game state for user 292854498299346945","eventType":"new_game","data":null}
{"timestamp":"2025-07-16T04:54:37.446Z","category":"SCREEN","message":"Start menu displayed for user 292854498299346945","eventType":"start_menu","data":null}
{"timestamp":"2025-07-16T04:55:09.705Z","category":"MASTER_PROFILE","message":"Bot Developer master profile created","eventType":"profile_creation","data":{"userId":"292854498299346945","features":["crossServerAccess","emergencyOverride","masterCommands","passwordReset","userManagement","economyControl","serverSettings"],"timestamp":"2025-07-16T04:55:09.705Z"}}
{"timestamp":"2025-07-16T06:29:02.838Z","category":"AUDIT:RULES","message":"RULES.txt loaded successfully","eventType":"rules_loaded","data":null}
{"timestamp":"2025-07-16T06:29:02.883Z","category":"AUDIT:SYSTEM","message":"Audit logger initialized successfully","eventType":"system_init","data":null}
{"timestamp":"2025-07-16T06:29:26.156Z","category":"COMMAND","message":"User 292854498299346945 (gdwizard) used !ch command","eventType":"start_game","data":null}
{"timestamp":"2025-07-16T06:29:26.158Z","category":"GAME_STATE","message":"Creating new game state for user 292854498299346945","eventType":"new_game","data":null}
{"timestamp":"2025-07-16T06:29:27.130Z","category":"SCREEN","message":"Start menu displayed for user 292854498299346945","eventType":"start_menu","data":null}
{"timestamp":"2025-07-16T07:34:06.815Z","category":"AUDIT:RULES","message":"RULES.txt loaded successfully","eventType":"rules_loaded","data":null}
{"timestamp":"2025-07-16T07:34:06.865Z","category":"AUDIT:SYSTEM","message":"Audit logger initialized successfully","eventType":"system_init","data":null}
{"timestamp":"2025-07-16T07:36:02.851Z","category":"SUCCESS","message":"Interaction update successful","eventType":"interaction_response","data":null}
{"timestamp":"2025-07-16T07:36:08.168Z","category":"SUCCESS","message":"Interaction update successful","eventType":"interaction_response","data":null}
{"timestamp":"2025-07-16T07:36:13.026Z","category":"SUCCESS","message":"Interaction update successful","eventType":"interaction_response","data":null}
{"timestamp":"2025-07-16T07:41:23.811Z","category":"AUDIT:RULES","message":"RULES.txt loaded successfully","eventType":"rules_loaded","data":null}
{"timestamp":"2025-07-16T07:41:23.863Z","category":"AUDIT:SYSTEM","message":"Audit logger initialized successfully","eventType":"system_init","data":null}
{"timestamp":"2025-07-16T07:48:42.745Z","category":"AUDIT:RULES","message":"RULES.txt loaded successfully","eventType":"rules_loaded","data":null}
{"timestamp":"2025-07-16T07:48:42.788Z","category":"AUDIT:SYSTEM","message":"Audit logger initialized successfully","eventType":"system_init","data":null}
{"timestamp":"2025-07-16T07:49:28.063Z","category":"COMMAND","message":"User 292854498299346945 (gdwizard) used !ch command","eventType":"start_game","data":null}
{"timestamp":"2025-07-16T07:49:28.063Z","category":"COMMAND","message":"User 292854498299346945 (gdwizard) used !ch command","eventType":"start_game","data":null}
{"timestamp":"2025-07-16T07:49:28.065Z","category":"GAME_STATE","message":"Creating new game state for user 292854498299346945","eventType":"new_game","data":null}
{"timestamp":"2025-07-16T07:49:28.064Z","category":"GAME_STATE","message":"Creating new game state for user 292854498299346945","eventType":"new_game","data":null}
{"timestamp":"2025-07-16T07:49:28.898Z","category":"SCREEN","message":"Start menu displayed for user 292854498299346945","eventType":"start_menu","data":null}
{"timestamp":"2025-07-16T07:49:29.020Z","category":"SCREEN","message":"Start menu displayed for user 292854498299346945","eventType":"start_menu","data":null}
{"timestamp":"2025-07-16T07:50:27.192Z","category":"MASTER_PROFILE","message":"Bot Developer master profile created","eventType":"profile_creation","data":{"userId":"292854498299346945","features":["crossServerAccess","emergencyOverride","masterCommands","passwordReset","userManagement","economyControl","serverSettings"],"timestamp":"2025-07-16T07:50:27.192Z"}}
{"timestamp":"2025-07-16T07:55:05.033Z","category":"ERROR","message":"Interaction update failed: Interaction has already been acknowledged.","eventType":"interaction_error","data":null}
{"timestamp":"2025-07-16T07:59:33.751Z","category":"COMMAND","message":"User 1227520060906668083 (chyf2205) used !ch command","eventType":"start_game","data":null}
{"timestamp":"2025-07-16T07:59:33.753Z","category":"GAME_STATE","message":"Creating new game state for user 1227520060906668083","eventType":"new_game","data":null}
{"timestamp":"2025-07-16T07:59:34.544Z","category":"SCREEN","message":"Start menu displayed for user 1227520060906668083","eventType":"start_menu","data":null}
{"timestamp":"2025-07-16T07:59:58.218Z","category":"AUDIT:RULES","message":"RULES.txt loaded successfully","eventType":"rules_loaded","data":null}
{"timestamp":"2025-07-16T07:59:58.285Z","category":"AUDIT:SYSTEM","message":"Audit logger initialized successfully","eventType":"system_init","data":null}
{"timestamp":"2025-07-16T08:00:28.355Z","category":"SUCCESS","message":"Interaction update successful","eventType":"interaction_response","data":null}
{"timestamp":"2025-07-16T08:00:37.311Z","category":"SUCCESS","message":"Interaction update successful","eventType":"interaction_response","data":null}
{"timestamp":"2025-07-16T08:03:22.081Z","category":"AUDIT:RULES","message":"RULES.txt loaded successfully","eventType":"rules_loaded","data":null}
{"timestamp":"2025-07-16T08:03:22.174Z","category":"AUDIT:SYSTEM","message":"Audit logger initialized successfully","eventType":"system_init","data":null}
{"timestamp":"2025-07-16T08:03:56.011Z","category":"AUDIT:RULES","message":"RULES.txt loaded successfully","eventType":"rules_loaded","data":null}
{"timestamp":"2025-07-16T08:03:56.058Z","category":"AUDIT:SYSTEM","message":"Audit logger initialized successfully","eventType":"system_init","data":null}
{"timestamp":"2025-07-16T08:04:10.555Z","category":"COMMAND","message":"User 292854498299346945 (gdwizard) used !ch command","eventType":"start_game","data":null}
{"timestamp":"2025-07-16T08:04:10.557Z","category":"GAME_STATE","message":"Creating new game state for user 292854498299346945","eventType":"new_game","data":null}
{"timestamp":"2025-07-16T08:04:11.086Z","category":"SCREEN","message":"Start menu displayed for user 292854498299346945","eventType":"start_menu","data":null}
{"timestamp":"2025-07-16T08:04:53.060Z","category":"COMMAND","message":"User 292854498299346945 (gdwizard) used !ch command","eventType":"start_game","data":null}
{"timestamp":"2025-07-16T08:04:53.062Z","category":"GAME_STATE","message":"Resuming existing game for user 292854498299346945","eventType":"resume_game","data":null}
{"timestamp":"2025-07-16T08:04:53.897Z","category":"SCREEN","message":"Start menu displayed for user 292854498299346945","eventType":"start_menu","data":null}
{"timestamp":"2025-07-16T08:05:19.596Z","category":"MASTER_PROFILE","message":"Bot Developer master profile created","eventType":"profile_creation","data":{"userId":"292854498299346945","features":["crossServerAccess","emergencyOverride","masterCommands","passwordReset","userManagement","economyControl","serverSettings"],"timestamp":"2025-07-16T08:05:19.596Z"}}
{"timestamp":"2025-07-16T08:13:44.517Z","category":"AUDIT:RULES","message":"RULES.txt loaded successfully","eventType":"rules_loaded","data":null}
{"timestamp":"2025-07-16T08:13:44.572Z","category":"AUDIT:SYSTEM","message":"Audit logger initialized successfully","eventType":"system_init","data":null}
{"timestamp":"2025-07-16T08:48:45.604Z","category":"AUDIT:RULES","message":"RULES.txt loaded successfully","eventType":"rules_loaded","data":null}
{"timestamp":"2025-07-16T08:48:45.725Z","category":"AUDIT:SYSTEM","message":"Audit logger initialized successfully","eventType":"system_init","data":null}
{"timestamp":"2025-07-16T08:51:56.476Z","category":"MASTER_PROFILE","message":"Bot Developer master profile created","eventType":"profile_creation","data":{"userId":"292854498299346945","features":["crossServerAccess","emergencyOverride","masterCommands","passwordReset","userManagement","economyControl","serverSettings"],"timestamp":"2025-07-16T08:51:56.476Z"}}
{"timestamp":"2025-07-16T09:01:31.258Z","category":"AUDIT:RULES","message":"RULES.txt loaded successfully","eventType":"rules_loaded","data":null}
{"timestamp":"2025-07-16T09:01:31.305Z","category":"AUDIT:SYSTEM","message":"Audit logger initialized successfully","eventType":"system_init","data":null}
{"timestamp":"2025-07-16T09:03:56.770Z","category":"MASTER_PROFILE","message":"Bot Developer master profile created","eventType":"profile_creation","data":{"userId":"292854498299346945","features":["crossServerAccess","emergencyOverride","masterCommands","passwordReset","userManagement","economyControl","serverSettings"],"timestamp":"2025-07-16T09:03:56.770Z"}}
{"timestamp":"2025-07-16T09:05:31.707Z","category":"SUCCESS","message":"Interaction update successful","eventType":"interaction_response","data":null}
{"timestamp":"2025-07-16T09:05:42.892Z","category":"SUCCESS","message":"Interaction update successful","eventType":"interaction_response","data":null}
{"timestamp":"2025-07-16T09:14:41.704Z","category":"SUCCESS","message":"Interaction update successful","eventType":"interaction_response","data":null}
{"timestamp":"2025-07-16T09:22:07.365Z","category":"AUDIT:RULES","message":"RULES.txt loaded successfully","eventType":"rules_loaded","data":null}
{"timestamp":"2025-07-16T09:22:07.469Z","category":"AUDIT:SYSTEM","message":"Audit logger initialized successfully","eventType":"system_init","data":null}
{"timestamp":"2025-07-16T09:24:08.751Z","category":"ERROR","message":"Interaction update failed: Interaction has already been acknowledged.","eventType":"interaction_error","data":null}
{"timestamp":"2025-07-16T09:24:38.604Z","category":"AUDIT:RULES","message":"RULES.txt loaded successfully","eventType":"rules_loaded","data":null}
{"timestamp":"2025-07-16T09:24:38.673Z","category":"AUDIT:SYSTEM","message":"Audit logger initialized successfully","eventType":"system_init","data":null}
{"timestamp":"2025-07-16T09:28:16.506Z","category":"AUDIT:RULES","message":"RULES.txt loaded successfully","eventType":"rules_loaded","data":null}
{"timestamp":"2025-07-16T09:28:16.852Z","category":"AUDIT:SYSTEM","message":"Audit logger initialized successfully","eventType":"system_init","data":null}
{"timestamp":"2025-07-16T09:31:44.529Z","category":"MASTER_AUTH","message":"Server setup password authentication successful for gdwizard in Dungeonites - Heroes","eventType":"server_setup_auth","data":{"userId":"292854498299346945","username":"gdwizard","guildId":"1196764104677929011","guildName":"Dungeonites - Heroes"}}
{"timestamp":"2025-07-16T09:31:51.073Z","category":"SUCCESS","message":"Interaction update successful","eventType":"interaction_response","data":null}
{"timestamp":"2025-07-16T09:32:00.194Z","category":"SUCCESS","message":"Interaction update successful","eventType":"interaction_response","data":null}
{"timestamp":"2025-07-16T09:39:50.183Z","category":"AUDIT:RULES","message":"RULES.txt loaded successfully","eventType":"rules_loaded","data":null}
{"timestamp":"2025-07-16T09:39:50.269Z","category":"AUDIT:SYSTEM","message":"Audit logger initialized successfully","eventType":"system_init","data":null}
{"timestamp":"2025-07-16T10:20:16.767Z","category":"AUDIT:RULES","message":"RULES.txt loaded successfully","eventType":"rules_loaded","data":null}
{"timestamp":"2025-07-16T10:20:16.820Z","category":"AUDIT:SYSTEM","message":"Audit logger initialized successfully","eventType":"system_init","data":null}
{"timestamp":"2025-07-16T10:24:46.580Z","category":"COMMAND","message":"User 292854498299346945 (gdwizard) used !ch command","eventType":"start_game","data":null}
{"timestamp":"2025-07-16T10:24:46.591Z","category":"GAME_STATE","message":"Creating new game state for user 292854498299346945","eventType":"new_game","data":null}
{"timestamp":"2025-07-16T10:24:50.048Z","category":"SCREEN","message":"Start menu displayed for user 292854498299346945","eventType":"start_menu","data":null}
{"timestamp":"2025-07-16T11:00:44.396Z","category":"AUDIT:RULES","message":"RULES.txt loaded successfully","eventType":"rules_loaded","data":null}
{"timestamp":"2025-07-16T11:00:44.450Z","category":"AUDIT:SYSTEM","message":"Audit logger initialized successfully","eventType":"system_init","data":null}
{"timestamp":"2025-07-16T11:02:25.758Z","category":"AUDIT:RULES","message":"RULES.txt loaded successfully","eventType":"rules_loaded","data":null}
{"timestamp":"2025-07-16T11:02:25.818Z","category":"AUDIT:SYSTEM","message":"Audit logger initialized successfully","eventType":"system_init","data":null}
{"timestamp":"2025-07-16T11:10:42.113Z","category":"COMMAND","message":"User 292854498299346945 (gdwizard) used !ch command","eventType":"start_game","data":null}
{"timestamp":"2025-07-16T11:10:42.116Z","category":"GAME_STATE","message":"Creating new game state for user 292854498299346945","eventType":"new_game","data":null}
{"timestamp":"2025-07-16T11:10:43.891Z","category":"SCREEN","message":"Start menu displayed for user 292854498299346945","eventType":"start_menu","data":null}
{"timestamp":"2025-07-16T11:12:14.950Z","category":"AUDIT:RULES","message":"RULES.txt loaded successfully","eventType":"rules_loaded","data":null}
{"timestamp":"2025-07-16T11:12:15.014Z","category":"AUDIT:SYSTEM","message":"Audit logger initialized successfully","eventType":"system_init","data":null}
{"timestamp":"2025-07-16T11:15:39.342Z","category":"AUDIT:RULES","message":"RULES.txt loaded successfully","eventType":"rules_loaded","data":null}
{"timestamp":"2025-07-16T11:15:39.406Z","category":"AUDIT:SYSTEM","message":"Audit logger initialized successfully","eventType":"system_init","data":null}
{"timestamp":"2025-07-16T11:15:55.967Z","category":"AUDIT:RULES","message":"RULES.txt loaded successfully","eventType":"rules_loaded","data":null}
{"timestamp":"2025-07-16T11:15:56.013Z","category":"AUDIT:SYSTEM","message":"Audit logger initialized successfully","eventType":"system_init","data":null}
{"timestamp":"2025-07-16T11:17:19.131Z","category":"AUDIT:RULES","message":"RULES.txt loaded successfully","eventType":"rules_loaded","data":null}
{"timestamp":"2025-07-16T11:17:19.182Z","category":"AUDIT:SYSTEM","message":"Audit logger initialized successfully","eventType":"system_init","data":null}
{"timestamp":"2025-07-16T11:32:30.027Z","category":"AUDIT:RULES","message":"RULES.txt loaded successfully","eventType":"rules_loaded","data":null}
{"timestamp":"2025-07-16T11:32:30.094Z","category":"AUDIT:SYSTEM","message":"Audit logger initialized successfully","eventType":"system_init","data":null}
{"timestamp":"2025-07-16T11:56:37.986Z","category":"AUDIT:RULES","message":"RULES.txt loaded successfully","eventType":"rules_loaded","data":null}
{"timestamp":"2025-07-16T11:56:38.072Z","category":"AUDIT:SYSTEM","message":"Audit logger initialized successfully","eventType":"system_init","data":null}
{"timestamp":"2025-07-16T11:59:00.695Z","category":"COMMAND","message":"User 292854498299346945 (gdwizard) used !ch command","eventType":"start_game","data":null}
{"timestamp":"2025-07-16T11:59:00.696Z","category":"GAME_STATE","message":"Creating new game state for user 292854498299346945","eventType":"new_game","data":null}
{"timestamp":"2025-07-16T11:59:01.690Z","category":"SCREEN","message":"Start menu displayed for user 292854498299346945","eventType":"start_menu","data":null}
{"timestamp":"2025-07-16T12:03:52.010Z","category":"AUDIT:RULES","message":"RULES.txt loaded successfully","eventType":"rules_loaded","data":null}
{"timestamp":"2025-07-16T12:03:52.062Z","category":"AUDIT:SYSTEM","message":"Audit logger initialized successfully","eventType":"system_init","data":null}
{"timestamp":"2025-07-16T12:06:25.533Z","category":"ERROR","message":"Unknown interaction custom ID: custom_setup_game_hall","eventType":"unknown_interaction","data":null}
{"timestamp":"2025-07-16T12:06:26.369Z","category":"SUCCESS","message":"Interaction reply successful","eventType":"interaction_response","data":null}
{"timestamp":"2025-07-16T12:06:30.626Z","category":"ERROR","message":"Unknown interaction custom ID: custom_setup_marketplace","eventType":"unknown_interaction","data":null}
{"timestamp":"2025-07-16T12:06:31.392Z","category":"SUCCESS","message":"Interaction reply successful","eventType":"interaction_response","data":null}
{"timestamp":"2025-07-16T12:06:33.218Z","category":"ERROR","message":"Unknown interaction custom ID: custom_setup_casino","eventType":"unknown_interaction","data":null}
{"timestamp":"2025-07-16T12:06:33.555Z","category":"SUCCESS","message":"Interaction reply successful","eventType":"interaction_response","data":null}
{"timestamp":"2025-07-16T12:15:43.189Z","category":"AUDIT:RULES","message":"RULES.txt loaded successfully","eventType":"rules_loaded","data":null}
{"timestamp":"2025-07-16T12:15:43.236Z","category":"AUDIT:SYSTEM","message":"Audit logger initialized successfully","eventType":"system_init","data":null}
{"timestamp":"2025-07-16T12:16:58.147Z","category":"SUCCESS","message":"Interaction update successful","eventType":"interaction_response","data":null}
{"timestamp":"2025-07-16T12:22:57.252Z","category":"AUDIT:RULES","message":"RULES.txt loaded successfully","eventType":"rules_loaded","data":null}
{"timestamp":"2025-07-16T12:22:57.305Z","category":"AUDIT:SYSTEM","message":"Audit logger initialized successfully","eventType":"system_init","data":null}
{"timestamp":"2025-07-16T12:40:13.364Z","category":"AUDIT:RULES","message":"RULES.txt loaded successfully","eventType":"rules_loaded","data":null}
{"timestamp":"2025-07-16T12:40:13.418Z","category":"AUDIT:SYSTEM","message":"Audit logger initialized successfully","eventType":"system_init","data":null}
{"timestamp":"2025-07-16T12:42:41.400Z","category":"USER_PROFILE","message":"Profile creation prompt shown to gdwizard","eventType":"profile_prompt","data":{"userId":"292854498299346945","source":"game","timestamp":"2025-07-16T12:42:41.400Z"}}
{"timestamp":"2025-07-16T12:46:55.828Z","category":"USER_PROFILE","message":"Profile creation prompt shown to flashatk90","eventType":"profile_prompt","data":{"userId":"928113978536759357","source":"game","timestamp":"2025-07-16T12:46:55.828Z"}}
{"timestamp":"2025-07-16T12:51:18.059Z","category":"USER_PROFILE","message":"Profile creation prompt shown to flashatk90","eventType":"profile_prompt","data":{"userId":"928113978536759357","source":"game","timestamp":"2025-07-16T12:51:18.059Z"}}
{"timestamp":"2025-07-16T12:55:36.323Z","category":"USER_PROFILE","message":"Profile creation prompt shown to flashatk90","eventType":"profile_prompt","data":{"userId":"928113978536759357","source":"casino","timestamp":"2025-07-16T12:55:36.323Z"}}
{"timestamp":"2025-07-16T13:07:59.811Z","category":"AUDIT:RULES","message":"RULES.txt loaded successfully","eventType":"rules_loaded","data":null}
{"timestamp":"2025-07-16T13:07:59.861Z","category":"AUDIT:SYSTEM","message":"Audit logger initialized successfully","eventType":"system_init","data":null}
{"timestamp":"2025-07-16T13:23:48.882Z","category":"AUDIT:RULES","message":"RULES.txt loaded successfully","eventType":"rules_loaded","data":null}
{"timestamp":"2025-07-16T13:23:48.932Z","category":"AUDIT:SYSTEM","message":"Audit logger initialized successfully","eventType":"system_init","data":null}
{"timestamp":"2025-07-16T13:25:41.279Z","category":"USER_PROFILE","message":"Profile creation prompt shown to gdwizard","eventType":"profile_prompt","data":{"userId":"292854498299346945","source":"game","timestamp":"2025-07-16T13:25:41.279Z"}}
{"timestamp":"2025-07-16T13:27:46.750Z","category":"USER_PROFILE","message":"Profile creation prompt shown to gdwizard","eventType":"profile_prompt","data":{"userId":"292854498299346945","source":"casino","timestamp":"2025-07-16T13:27:46.750Z"}}
{"timestamp":"2025-07-16T13:28:19.479Z","category":"USER_PROFILE","message":"Profile creation prompt shown to gdwizard","eventType":"profile_prompt","data":{"userId":"292854498299346945","source":"store","timestamp":"2025-07-16T13:28:19.479Z"}}
{"timestamp":"2025-07-16T13:39:18.076Z","category":"AUDIT:RULES","message":"RULES.txt loaded successfully","eventType":"rules_loaded","data":null}
{"timestamp":"2025-07-16T13:39:18.125Z","category":"AUDIT:SYSTEM","message":"Audit logger initialized successfully","eventType":"system_init","data":null}
{"timestamp":"2025-07-16T13:39:54.842Z","category":"THREAD_CREATED","message":"Game thread created for gdwizard","eventType":"thread_creation","data":{"userId":"292854498299346945","threadId":"1395037225426747552","channelId":"1395033390188855437"}}
{"timestamp":"2025-07-16T13:41:31.891Z","category":"USER_PROFILE","message":"Profile creation prompt shown to gdwizard","eventType":"profile_prompt","data":{"userId":"292854498299346945","source":"casino","timestamp":"2025-07-16T13:41:31.891Z"}}
{"timestamp":"2025-07-16T13:42:17.329Z","category":"USER_PROFILE","message":"Profile creation prompt shown to gdwizard","eventType":"profile_prompt","data":{"userId":"292854498299346945","source":"store","timestamp":"2025-07-16T13:42:17.329Z"}}
{"timestamp":"2025-07-16T13:56:28.234Z","category":"SUCCESS","message":"Interaction update successful","eventType":"interaction_response","data":null}
{"timestamp":"2025-07-16T13:56:35.035Z","category":"SUCCESS","message":"Interaction update successful","eventType":"interaction_response","data":null}
{"timestamp":"2025-07-16T13:56:54.266Z","category":"USER_PROFILE","message":"Profile creation prompt shown to gdwizard","eventType":"profile_prompt","data":{"userId":"292854498299346945","source":"daily quests","timestamp":"2025-07-16T13:56:54.266Z"}}
{"timestamp":"2025-07-16T14:04:28.252Z","category":"AUDIT:RULES","message":"RULES.txt loaded successfully","eventType":"rules_loaded","data":null}
{"timestamp":"2025-07-16T14:04:28.298Z","category":"AUDIT:SYSTEM","message":"Audit logger initialized successfully","eventType":"system_init","data":null}
{"timestamp":"2025-07-16T14:05:24.790Z","category":"ERROR","message":"Interaction already handled or invalid","eventType":"interaction_error","data":null}
{"timestamp":"2025-07-16T14:05:37.188Z","category":"USER_PROFILE","message":"Profile creation prompt shown to gdwizard","eventType":"profile_prompt","data":{"userId":"292854498299346945","source":"game","timestamp":"2025-07-16T14:05:37.188Z"}}
{"timestamp":"2025-07-16T14:05:37.555Z","category":"THREAD_CREATED","message":"Game thread created for gdwizard","eventType":"thread_creation","data":{"userId":"292854498299346945","threadId":"1395043696218734682","channelId":"1395043637275922548"}}
{"timestamp":"2025-07-16T14:06:56.728Z","category":"USER_PROFILE","message":"Profile creation prompt shown to gdwizard","eventType":"profile_prompt","data":{"userId":"292854498299346945","source":"store","timestamp":"2025-07-16T14:06:56.728Z"}}
{"timestamp":"2025-07-16T14:07:04.364Z","category":"USER_PROFILE","message":"Profile creation prompt shown to gdwizard","eventType":"profile_prompt","data":{"userId":"292854498299346945","source":"casino","timestamp":"2025-07-16T14:07:04.364Z"}}
{"timestamp":"2025-07-16T14:15:49.665Z","category":"AUDIT:RULES","message":"RULES.txt loaded successfully","eventType":"rules_loaded","data":null}
{"timestamp":"2025-07-16T14:15:49.711Z","category":"AUDIT:SYSTEM","message":"Audit logger initialized successfully","eventType":"system_init","data":null}
{"timestamp":"2025-07-16T14:16:14.384Z","category":"USER_PROFILE","message":"Profile creation prompt shown to gdwizard","eventType":"profile_prompt","data":{"userId":"292854498299346945","source":"game","timestamp":"2025-07-16T14:16:14.384Z"}}
{"timestamp":"2025-07-16T14:16:14.850Z","category":"THREAD_CREATED","message":"Game thread created for gdwizard","eventType":"thread_creation","data":{"userId":"292854498299346945","threadId":"1395046366442557584","channelId":"1395043637275922548"}}
{"timestamp":"2025-07-16T14:33:37.644Z","category":"AUDIT:RULES","message":"RULES.txt loaded successfully","eventType":"rules_loaded","data":null}
{"timestamp":"2025-07-16T14:33:37.704Z","category":"AUDIT:SYSTEM","message":"Audit logger initialized successfully","eventType":"system_init","data":null}
{"timestamp":"2025-07-16T14:34:10.972Z","category":"USER_PROFILE","message":"Smart profile options shown to gdwizard (master profile detected)","eventType":"smart_profile_prompt","data":{"userId":"292854498299346945","profileType":"master","source":"game","timestamp":"2025-07-16T14:34:10.972Z"}}
{"timestamp":"2025-07-16T14:34:11.954Z","category":"ERROR","message":"Interaction update failed: Unknown interaction","eventType":"interaction_error","data":null}
{"timestamp":"2025-07-16T14:34:21.630Z","category":"SUCCESS","message":"Interaction update successful","eventType":"interaction_response","data":null}
{"timestamp":"2025-07-16T14:34:38.693Z","category":"SUCCESS","message":"Interaction update successful","eventType":"interaction_response","data":null}
{"timestamp":"2025-07-16T14:34:55.164Z","category":"AUDIT:RULES","message":"RULES.txt loaded successfully","eventType":"rules_loaded","data":null}
{"timestamp":"2025-07-16T14:34:55.209Z","category":"AUDIT:SYSTEM","message":"Audit logger initialized successfully","eventType":"system_init","data":null}
{"timestamp":"2025-07-16T14:35:41.735Z","category":"USER_PROFILE","message":"Smart profile options shown to gdwizard (master profile detected)","eventType":"smart_profile_prompt","data":{"userId":"292854498299346945","profileType":"master","source":"game","timestamp":"2025-07-16T14:35:41.735Z"}}
{"timestamp":"2025-07-16T14:35:41.814Z","category":"USER_PROFILE","message":"Smart profile options shown to gdwizard (master profile detected)","eventType":"smart_profile_prompt","data":{"userId":"292854498299346945","profileType":"master","source":"game","timestamp":"2025-07-16T14:35:41.814Z"}}
{"timestamp":"2025-07-16T14:35:42.753Z","category":"ERROR","message":"Interaction update failed: Unknown interaction","eventType":"interaction_error","data":null}
{"timestamp":"2025-07-16T14:35:42.837Z","category":"ERROR","message":"Interaction update failed: Unknown interaction","eventType":"interaction_error","data":null}
{"timestamp":"2025-07-16T14:38:31.591Z","category":"AUDIT:RULES","message":"RULES.txt loaded successfully","eventType":"rules_loaded","data":null}
{"timestamp":"2025-07-16T14:38:31.640Z","category":"AUDIT:SYSTEM","message":"Audit logger initialized successfully","eventType":"system_init","data":null}
{"timestamp":"2025-07-16T14:40:46.950Z","category":"USER_PROFILE","message":"Smart profile options shown to gdwizard (master profile detected)","eventType":"smart_profile_prompt","data":{"userId":"292854498299346945","profileType":"master","source":"game","timestamp":"2025-07-16T14:40:46.950Z"}}
{"timestamp":"2025-07-16T14:40:47.251Z","category":"USER_PROFILE","message":"Smart profile options shown to gdwizard (master profile detected)","eventType":"smart_profile_prompt","data":{"userId":"292854498299346945","profileType":"master","source":"game","timestamp":"2025-07-16T14:40:47.251Z"}}
{"timestamp":"2025-07-16T14:40:47.854Z","category":"ERROR","message":"Interaction update failed: Interaction has already been acknowledged.","eventType":"interaction_error","data":null}
{"timestamp":"2025-07-16T14:40:48.142Z","category":"ERROR","message":"Interaction update failed: Interaction has already been acknowledged.","eventType":"interaction_error","data":null}
{"timestamp":"2025-07-16T14:41:40.551Z","category":"ERROR","message":"Interaction update failed: Unknown interaction","eventType":"interaction_error","data":null}
{"timestamp":"2025-07-16T14:41:40.581Z","category":"SUCCESS","message":"Interaction update successful","eventType":"interaction_response","data":null}
{"timestamp":"2025-07-16T14:41:46.604Z","category":"ERROR","message":"Interaction update failed: Unknown interaction","eventType":"interaction_error","data":null}
{"timestamp":"2025-07-16T14:41:46.689Z","category":"SUCCESS","message":"Interaction update successful","eventType":"interaction_response","data":null}
{"timestamp":"2025-07-16T14:41:50.696Z","category":"ERROR","message":"Interaction update failed: Unknown interaction","eventType":"interaction_error","data":null}
{"timestamp":"2025-07-16T14:41:50.772Z","category":"SUCCESS","message":"Interaction update successful","eventType":"interaction_response","data":null}
{"timestamp":"2025-07-16T14:41:55.942Z","category":"ERROR","message":"Interaction update failed: Unknown interaction","eventType":"interaction_error","data":null}
{"timestamp":"2025-07-16T14:41:56.008Z","category":"SUCCESS","message":"Interaction update successful","eventType":"interaction_response","data":null}
{"timestamp":"2025-07-16T14:42:30.681Z","category":"AUDIT:RULES","message":"RULES.txt loaded successfully","eventType":"rules_loaded","data":null}
{"timestamp":"2025-07-16T14:42:30.725Z","category":"AUDIT:SYSTEM","message":"Audit logger initialized successfully","eventType":"system_init","data":null}
{"timestamp":"2025-07-16T14:42:51.235Z","category":"ERROR","message":"Interaction update failed: Unknown interaction","eventType":"interaction_error","data":null}
{"timestamp":"2025-07-16T14:42:51.263Z","category":"ERROR","message":"Interaction update failed: Unknown interaction","eventType":"interaction_error","data":null}
{"timestamp":"2025-07-16T14:42:51.273Z","category":"SUCCESS","message":"Interaction update successful","eventType":"interaction_response","data":null}
{"timestamp":"2025-07-16T15:06:18.590Z","category":"AUDIT:RULES","message":"RULES.txt loaded successfully","eventType":"rules_loaded","data":null}
{"timestamp":"2025-07-16T15:06:18.644Z","category":"AUDIT:SYSTEM","message":"Audit logger initialized successfully","eventType":"system_init","data":null}
{"timestamp":"2025-07-16T15:06:28.884Z","category":"SYSTEM","message":"Thread management system initialized","eventType":"thread_manager_init","data":{"timestamp":"2025-07-16T15:06:28.884Z","cleanupInterval":"5 minutes"}}
{"timestamp":"2025-07-16T15:07:50.213Z","category":"ERROR","message":"Interaction update failed: Interaction has already been acknowledged.","eventType":"interaction_error","data":null}
{"timestamp":"2025-07-16T15:07:52.827Z","category":"USER_PROFILE","message":"Smart profile options shown to gdwizard (master profile detected)","eventType":"smart_profile_prompt","data":{"userId":"292854498299346945","profileType":"master","source":"game","timestamp":"2025-07-16T15:07:52.827Z"}}
{"timestamp":"2025-07-16T15:07:53.846Z","category":"ERROR","message":"Interaction update failed: Interaction has already been acknowledged.","eventType":"interaction_error","data":null}
{"timestamp":"2025-07-16T15:07:57.338Z","category":"SUCCESS","message":"Interaction update successful","eventType":"interaction_response","data":null}
{"timestamp":"2025-07-16T15:07:57.617Z","category":"ERROR","message":"Interaction update failed: Interaction has already been acknowledged.","eventType":"interaction_error","data":null}
{"timestamp":"2025-07-16T15:07:59.402Z","category":"ERROR","message":"Interaction update failed: Interaction has already been acknowledged.","eventType":"interaction_error","data":null}
{"timestamp":"2025-07-16T15:09:16.047Z","category":"ERROR","message":"Interaction update failed: Unknown interaction","eventType":"interaction_error","data":null}
{"timestamp":"2025-07-16T15:09:16.086Z","category":"SUCCESS","message":"Interaction update successful","eventType":"interaction_response","data":null}
{"timestamp":"2025-07-16T15:09:17.714Z","category":"ERROR","message":"Interaction update failed: Interaction has already been acknowledged.","eventType":"interaction_error","data":null}
{"timestamp":"2025-07-16T15:09:25.285Z","category":"SUCCESS","message":"Interaction update successful","eventType":"interaction_response","data":null}
{"timestamp":"2025-07-16T15:09:25.286Z","category":"ERROR","message":"Interaction update failed: Unknown interaction","eventType":"interaction_error","data":null}
{"timestamp":"2025-07-16T15:09:27.444Z","category":"ERROR","message":"Interaction update failed: Interaction has already been acknowledged.","eventType":"interaction_error","data":null}
{"timestamp":"2025-07-16T15:09:38.907Z","category":"ERROR","message":"Interaction update failed: Unknown interaction","eventType":"interaction_error","data":null}
{"timestamp":"2025-07-16T15:09:38.959Z","category":"SUCCESS","message":"Interaction update successful","eventType":"interaction_response","data":null}
{"timestamp":"2025-07-16T15:09:40.572Z","category":"ERROR","message":"Interaction update failed: Interaction has already been acknowledged.","eventType":"interaction_error","data":null}
{"timestamp":"2025-07-16T15:09:47.221Z","category":"ERROR","message":"Interaction update failed: Interaction has already been acknowledged.","eventType":"interaction_error","data":null}
{"timestamp":"2025-07-16T15:09:49.824Z","category":"USER_PROFILE","message":"Smart profile options shown to gdwizard (master profile detected)","eventType":"smart_profile_prompt","data":{"userId":"292854498299346945","profileType":"master","source":"game","timestamp":"2025-07-16T15:09:49.824Z"}}
{"timestamp":"2025-07-16T15:09:50.760Z","category":"ERROR","message":"Interaction update failed: Interaction has already been acknowledged.","eventType":"interaction_error","data":null}
{"timestamp":"2025-07-16T15:09:53.100Z","category":"SUCCESS","message":"Interaction update successful","eventType":"interaction_response","data":null}
{"timestamp":"2025-07-16T15:09:53.328Z","category":"ERROR","message":"Interaction update failed: Interaction has already been acknowledged.","eventType":"interaction_error","data":null}
{"timestamp":"2025-07-16T15:09:55.066Z","category":"ERROR","message":"Interaction update failed: Interaction has already been acknowledged.","eventType":"interaction_error","data":null}
{"timestamp":"2025-07-16T15:13:10.150Z","category":"AUDIT:RULES","message":"RULES.txt loaded successfully","eventType":"rules_loaded","data":null}
{"timestamp":"2025-07-16T15:13:10.211Z","category":"AUDIT:SYSTEM","message":"Audit logger initialized successfully","eventType":"system_init","data":null}
{"timestamp":"2025-07-16T15:13:20.118Z","category":"SYSTEM","message":"Thread management system initialized","eventType":"thread_manager_init","data":{"timestamp":"2025-07-16T15:13:20.118Z","cleanupInterval":"5 minutes"}}
{"timestamp":"2025-07-16T15:14:42.788Z","category":"USER_PROFILE","message":"Smart profile options shown to gdwizard (master profile detected)","eventType":"smart_profile_prompt","data":{"userId":"292854498299346945","profileType":"master","source":"game","timestamp":"2025-07-16T15:14:42.788Z"}}
{"timestamp":"2025-07-16T15:14:43.326Z","category":"THREAD_CREATED","message":"Game thread created for gdwizard","eventType":"thread_creation","data":{"userId":"292854498299346945","threadId":"1395061078995763210","channelId":"1395043637275922548","archivedOldThreads":false}}
{"timestamp":"2025-07-16T15:15:13.190Z","category":"USER_AUTH","message":"User gdwizard authenticated for smart_login","eventType":"auth_success","data":{"userId":"292854498299346945","profileType":"master","source":"smart_login","timestamp":"2025-07-16T15:15:13.190Z"}}
{"timestamp":"2025-07-16T15:18:21.150Z","category":"COMMAND","message":"User 292854498299346945 (gdwizard) used !ch command","eventType":"start_game","data":null}
{"timestamp":"2025-07-16T15:18:21.151Z","category":"GAME_STATE","message":"Creating new game state for user 292854498299346945","eventType":"new_game","data":null}
{"timestamp":"2025-07-16T15:18:22.299Z","category":"SCREEN","message":"Start menu displayed for user 292854498299346945","eventType":"start_menu","data":null}
{"timestamp":"2025-07-16T15:27:08.119Z","category":"USER_PROFILE","message":"Smart profile options shown to gdwizard (master profile detected)","eventType":"smart_profile_prompt","data":{"userId":"292854498299346945","profileType":"master","source":"game","timestamp":"2025-07-16T15:27:08.119Z"}}
{"timestamp":"2025-07-16T15:27:08.536Z","category":"THREAD_CREATED","message":"Game thread created for gdwizard","eventType":"thread_creation","data":{"userId":"292854498299346945","threadId":"1395064205899464885","channelId":"1395043637275922548","archivedOldThreads":false}}
{"timestamp":"2025-07-16T15:27:11.987Z","category":"USER_AUTH","message":"Auto-login successful for gdwizard","eventType":"auto_login_success","data":{"userId":"292854498299346945","profileType":"master","sessionAge":719139,"timestamp":"2025-07-16T15:27:11.987Z"}}
{"timestamp":"2025-07-16T15:33:09.193Z","category":"AUDIT:RULES","message":"RULES.txt loaded successfully","eventType":"rules_loaded","data":null}
{"timestamp":"2025-07-16T15:33:09.241Z","category":"AUDIT:SYSTEM","message":"Audit logger initialized successfully","eventType":"system_init","data":null}
{"timestamp":"2025-07-16T15:33:19.093Z","category":"SYSTEM","message":"Thread management system initialized","eventType":"thread_manager_init","data":{"timestamp":"2025-07-16T15:33:19.093Z","cleanupInterval":"5 minutes"}}
{"timestamp":"2025-07-16T15:41:46.937Z","category":"AUDIT:RULES","message":"RULES.txt loaded successfully","eventType":"rules_loaded","data":null}
{"timestamp":"2025-07-16T15:41:46.985Z","category":"AUDIT:SYSTEM","message":"Audit logger initialized successfully","eventType":"system_init","data":null}
{"timestamp":"2025-07-16T15:41:56.854Z","category":"SYSTEM","message":"Thread management system initialized","eventType":"thread_manager_init","data":{"timestamp":"2025-07-16T15:41:56.854Z","cleanupInterval":"5 minutes"}}
{"timestamp":"2025-07-16T16:00:02.237Z","category":"AUDIT:RULES","message":"RULES.txt loaded successfully","eventType":"rules_loaded","data":null}
{"timestamp":"2025-07-16T16:00:03.647Z","category":"AUDIT:SYSTEM","message":"Audit logger initialized successfully","eventType":"system_init","data":null}
{"timestamp":"2025-07-16T16:00:13.638Z","category":"SYSTEM","message":"Thread management system initialized","eventType":"thread_manager_init","data":{"timestamp":"2025-07-16T16:00:13.638Z","cleanupInterval":"5 minutes"}}
{"timestamp":"2025-07-16T16:25:27.101Z","category":"USER_PROFILE","message":"Smart profile options shown to gdwizard (master profile detected)","eventType":"smart_profile_prompt","data":{"userId":"292854498299346945","profileType":"master","source":"game","timestamp":"2025-07-16T16:25:27.101Z"}}
{"timestamp":"2025-07-16T16:25:27.629Z","category":"THREAD_CREATED","message":"Game thread created for gdwizard","eventType":"thread_creation","data":{"userId":"292854498299346945","threadId":"1395078881379356764","channelId":"1395043637275922548","archivedOldThreads":false}}
{"timestamp":"2025-07-16T16:25:43.851Z","category":"USER_AUTH","message":"User gdwizard authenticated for smart_login","eventType":"auth_success","data":{"userId":"292854498299346945","profileType":"master","source":"smart_login","timestamp":"2025-07-16T16:25:43.851Z"}}
{"timestamp":"2025-07-16T16:26:51.140Z","category":"AUDIT:RULES","message":"RULES.txt loaded successfully","eventType":"rules_loaded","data":null}
{"timestamp":"2025-07-16T16:26:52.693Z","category":"AUDIT:SYSTEM","message":"Audit logger initialized successfully","eventType":"system_init","data":null}
{"timestamp":"2025-07-16T16:27:03.294Z","category":"SYSTEM","message":"Thread management system initialized","eventType":"thread_manager_init","data":{"timestamp":"2025-07-16T16:27:03.294Z","cleanupInterval":"5 minutes"}}
{"timestamp":"2025-07-16T16:27:44.395Z","category":"USER_PROFILE","message":"Smart profile options shown to gdwizard (master profile detected)","eventType":"smart_profile_prompt","data":{"userId":"292854498299346945","profileType":"master","source":"game","timestamp":"2025-07-16T16:27:44.395Z"}}
{"timestamp":"2025-07-16T16:27:44.838Z","category":"THREAD_CREATED","message":"Game thread created for gdwizard","eventType":"thread_creation","data":{"userId":"292854498299346945","threadId":"1395079457433321512","channelId":"1395043637275922548","archivedOldThreads":false}}
{"timestamp":"2025-07-16T16:27:58.977Z","category":"USER_AUTH","message":"User gdwizard authenticated for smart_login","eventType":"auth_success","data":{"userId":"292854498299346945","profileType":"master","source":"smart_login","timestamp":"2025-07-16T16:27:58.977Z"}}
{"timestamp":"2025-07-16T16:47:50.958Z","category":"AUDIT:RULES","message":"RULES.txt loaded successfully","eventType":"rules_loaded","data":null}
{"timestamp":"2025-07-16T16:47:51.013Z","category":"AUDIT:SYSTEM","message":"Audit logger initialized successfully","eventType":"system_init","data":null}
{"timestamp":"2025-07-16T16:48:00.950Z","category":"SYSTEM","message":"Thread management system initialized","eventType":"thread_manager_init","data":{"timestamp":"2025-07-16T16:48:00.950Z","cleanupInterval":"5 minutes"}}
{"timestamp":"2025-07-16T16:50:55.285Z","category":"USER_PROFILE","message":"Smart profile options shown to gdwizard (master profile detected)","eventType":"smart_profile_prompt","data":{"userId":"292854498299346945","profileType":"master","source":"game","timestamp":"2025-07-16T16:50:55.285Z"}}
{"timestamp":"2025-07-16T16:50:55.692Z","category":"THREAD_CREATED","message":"Game thread created for gdwizard","eventType":"thread_creation","data":{"userId":"292854498299346945","threadId":"1395085290338779332","channelId":"1395043637275922548","archivedOldThreads":false}}
{"timestamp":"2025-07-16T16:51:06.949Z","category":"USER_AUTH","message":"User gdwizard authenticated for smart_login","eventType":"auth_success","data":{"userId":"292854498299346945","profileType":"master","source":"smart_login","timestamp":"2025-07-16T16:51:06.949Z"}}
{"timestamp":"2025-07-16T16:51:08.352Z","category":"USER_AUTH","message":"Post-login game menu shown to gdwizard","eventType":"post_login_game_menu","data":{"userId":"292854498299346945","profileType":"master","isInThread":true,"timestamp":"2025-07-16T16:51:08.352Z"}}
{"timestamp":"2025-07-16T16:54:37.837Z","category":"ERROR","message":"Interaction update failed: Unknown interaction","eventType":"interaction_error","data":null}
{"timestamp":"2025-07-16T17:00:29.514Z","category":"USER_PROFILE","message":"Profile creation prompt shown to gdwizard","eventType":"profile_prompt","data":{"userId":"292854498299346945","source":"store","timestamp":"2025-07-16T17:00:29.514Z"}}
{"timestamp":"2025-07-16T17:02:38.364Z","category":"USER_PROFILE","message":"Profile creation prompt shown to gdwizard","eventType":"profile_prompt","data":{"userId":"292854498299346945","source":"casino","timestamp":"2025-07-16T17:02:38.364Z"}}
{"timestamp":"2025-07-16T17:11:44.981Z","category":"USER_PROFILE","message":"Smart profile options shown to gdwizard (master profile detected)","eventType":"smart_profile_prompt","data":{"userId":"292854498299346945","profileType":"master","source":"game","timestamp":"2025-07-16T17:11:44.980Z"}}
{"timestamp":"2025-07-16T17:11:45.504Z","category":"THREAD_CREATED","message":"Game thread created for gdwizard","eventType":"thread_creation","data":{"userId":"292854498299346945","threadId":"1395090531180347483","channelId":"1395043637275922548","archivedOldThreads":false}}
{"timestamp":"2025-07-16T17:12:41.895Z","category":"USER_AUTH","message":"Auto-login successful for gdwizard","eventType":"auto_login_success","data":{"userId":"292854498299346945","profileType":"master","sessionAge":1294714,"timestamp":"2025-07-16T17:12:41.895Z"}}
{"timestamp":"2025-07-16T17:12:43.405Z","category":"USER_AUTH","message":"Post-login game menu shown to gdwizard","eventType":"post_login_game_menu","data":{"userId":"292854498299346945","profileType":"master","isInThread":true,"timestamp":"2025-07-16T17:12:43.405Z"}}
{"timestamp":"2025-07-16T17:12:55.533Z","category":"ERROR","message":"Interaction update failed: Unknown interaction","eventType":"interaction_error","data":null}
{"timestamp":"2025-07-16T17:13:56.079Z","category":"USER_AUTH","message":"Auto-login successful for gdwizard","eventType":"auto_login_success","data":{"userId":"292854498299346945","profileType":"master","sessionAge":1369087,"timestamp":"2025-07-16T17:13:56.079Z"}}
{"timestamp":"2025-07-16T17:13:57.592Z","category":"USER_AUTH","message":"Post-login game menu shown to gdwizard","eventType":"post_login_game_menu","data":{"userId":"292854498299346945","profileType":"master","isInThread":true,"timestamp":"2025-07-16T17:13:57.592Z"}}
{"timestamp":"2025-07-16T17:20:06.691Z","category":"SYSTEM","message":"Thread management system shutdown","eventType":"thread_manager_shutdown","data":{"timestamp":"2025-07-16T17:20:06.691Z"}}
{"timestamp":"2025-07-16T17:33:12.342Z","category":"AUDIT:RULES","message":"RULES.txt loaded successfully","eventType":"rules_loaded","data":null}
{"timestamp":"2025-07-16T17:33:12.400Z","category":"AUDIT:SYSTEM","message":"Audit logger initialized successfully","eventType":"system_init","data":null}
{"timestamp":"2025-07-16T17:33:23.163Z","category":"SYSTEM","message":"Thread management system initialized","eventType":"thread_manager_init","data":{"timestamp":"2025-07-16T17:33:23.163Z","cleanupInterval":"5 minutes"}}
{"timestamp":"2025-07-16T17:38:18.539Z","category":"USER_PROFILE","message":"Smart profile options shown to gdwizard (master profile detected)","eventType":"smart_profile_prompt","data":{"userId":"292854498299346945","profileType":"master","source":"game","timestamp":"2025-07-16T17:38:18.539Z"}}
{"timestamp":"2025-07-16T17:38:19.001Z","category":"THREAD_CREATED","message":"Game thread created for gdwizard","eventType":"thread_creation","data":{"userId":"292854498299346945","threadId":"1395097215747362908","channelId":"1395043637275922548","archivedOldThreads":false}}
{"timestamp":"2025-07-16T17:38:34.642Z","category":"USER_AUTH","message":"User gdwizard authenticated for smart_login","eventType":"auth_success","data":{"userId":"292854498299346945","profileType":"master","source":"smart_login","timestamp":"2025-07-16T17:38:34.642Z"}}
{"timestamp":"2025-07-16T17:38:36.127Z","category":"USER_AUTH","message":"Post-login game menu shown to gdwizard","eventType":"post_login_game_menu","data":{"userId":"292854498299346945","profileType":"master","isInThread":true,"timestamp":"2025-07-16T17:38:36.127Z"}}
{"timestamp":"2025-07-16T17:40:10.474Z","category":"ERROR","message":"Interaction update failed: Unknown interaction","eventType":"interaction_error","data":null}
{"timestamp":"2025-07-16T17:46:51.699Z","category":"ERROR","message":"Interaction update failed: Unknown interaction","eventType":"interaction_error","data":null}
{"timestamp":"2025-07-16T17:55:58.115Z","category":"AUDIT:RULES","message":"RULES.txt loaded successfully","eventType":"rules_loaded","data":null}
{"timestamp":"2025-07-16T17:55:58.174Z","category":"AUDIT:SYSTEM","message":"Audit logger initialized successfully","eventType":"system_init","data":null}
{"timestamp":"2025-07-16T17:56:08.123Z","category":"SYSTEM","message":"Thread management system initialized","eventType":"thread_manager_init","data":{"timestamp":"2025-07-16T17:56:08.123Z","cleanupInterval":"5 minutes"}}
{"timestamp":"2025-07-16T17:58:53.704Z","category":"AUDIT:RULES","message":"RULES.txt loaded successfully","eventType":"rules_loaded","data":null}
{"timestamp":"2025-07-16T17:58:53.754Z","category":"AUDIT:SYSTEM","message":"Audit logger initialized successfully","eventType":"system_init","data":null}
{"timestamp":"2025-07-16T17:59:03.655Z","category":"SYSTEM","message":"Thread management system initialized","eventType":"thread_manager_init","data":{"timestamp":"2025-07-16T17:59:03.655Z","cleanupInterval":"5 minutes"}}
{"timestamp":"2025-07-16T17:59:36.421Z","category":"USER_PROFILE","message":"Smart profile options shown to gdwizard (master profile detected)","eventType":"smart_profile_prompt","data":{"userId":"292854498299346945","profileType":"master","source":"game","timestamp":"2025-07-16T17:59:36.421Z"}}
{"timestamp":"2025-07-16T17:59:36.858Z","category":"THREAD_CREATED","message":"Game thread created for gdwizard","eventType":"thread_creation","data":{"userId":"292854498299346945","threadId":"1395102576432648364","channelId":"1395043637275922548","archivedOldThreads":false}}
{"timestamp":"2025-07-16T17:59:50.235Z","category":"USER_AUTH","message":"User gdwizard authenticated for smart_login","eventType":"auth_success","data":{"userId":"292854498299346945","profileType":"master","source":"smart_login","timestamp":"2025-07-16T17:59:50.235Z"}}
{"timestamp":"2025-07-16T17:59:51.737Z","category":"USER_AUTH","message":"Post-login game menu shown to gdwizard","eventType":"post_login_game_menu","data":{"userId":"292854498299346945","profileType":"master","isInThread":true,"timestamp":"2025-07-16T17:59:51.737Z"}}
{"timestamp":"2025-07-16T18:14:26.410Z","category":"AUDIT:RULES","message":"RULES.txt loaded successfully","eventType":"rules_loaded","data":null}
{"timestamp":"2025-07-16T18:14:26.453Z","category":"AUDIT:SYSTEM","message":"Audit logger initialized successfully","eventType":"system_init","data":null}
{"timestamp":"2025-07-16T18:14:36.325Z","category":"SYSTEM","message":"Thread management system initialized","eventType":"thread_manager_init","data":{"timestamp":"2025-07-16T18:14:36.325Z","cleanupInterval":"5 minutes"}}
{"timestamp":"2025-07-16T18:34:00.557Z","category":"USER_PROFILE","message":"Profile creation prompt shown to grieschbrei","eventType":"profile_prompt","data":{"userId":"692794151770521672","source":"game","timestamp":"2025-07-16T18:34:00.557Z"}}
{"timestamp":"2025-07-16T18:34:01.031Z","category":"THREAD_CREATED","message":"Game thread created for grieschbrei","eventType":"thread_creation","data":{"userId":"692794151770521672","threadId":"1395111232440238353","channelId":"1232198310345965578","archivedOldThreads":false}}
{"timestamp":"2025-07-16T18:35:56.144Z","category":"USER_PROFILE","message":"Player profile created for grieschbrei","eventType":"profile_creation","data":{"userId":"692794151770521672","recoveryMethods":2,"timestamp":"2025-07-16T18:35:56.144Z"}}
