{"timestamp":"2025-07-13T04:48:41.069Z","category":"AUDIT:RULES","message":"RULES.txt loaded successfully","eventType":"rules_loaded","data":null}
{"timestamp":"2025-07-13T04:48:42.792Z","category":"AUDIT:SYSTEM","message":"Audit logger initialized successfully","eventType":"system_init","data":null}
{"timestamp":"2025-07-13T04:58:13.315Z","category":"AUDIT:RULES","message":"RULES.txt loaded successfully","eventType":"rules_loaded","data":null}
{"timestamp":"2025-07-13T04:58:13.392Z","category":"AUDIT:SYSTEM","message":"Audit logger initialized successfully","eventType":"system_init","data":null}
{"timestamp":"2025-07-13T04:59:33.795Z","category":"AUDIT:RULES","message":"RULES.txt loaded successfully","eventType":"rules_loaded","data":null}
{"timestamp":"2025-07-13T04:59:33.846Z","category":"AUDIT:SYSTEM","message":"Audit logger initialized successfully","eventType":"system_init","data":null}
{"timestamp":"2025-07-13T05:29:53.135Z","category":"AUDIT:RULES","message":"RULES.txt loaded successfully","eventType":"rules_loaded","data":null}
{"timestamp":"2025-07-13T05:29:53.286Z","category":"AUDIT:SYSTEM","message":"Audit logger initialized successfully","eventType":"system_init","data":null}
{"timestamp":"2025-07-13T08:34:48.281Z","category":"AUDIT:RULES","message":"RULES.txt loaded successfully","eventType":"rules_loaded","data":null}
{"timestamp":"2025-07-13T08:34:49.343Z","category":"AUDIT:SYSTEM","message":"Audit logger initialized successfully","eventType":"system_init","data":null}
{"timestamp":"2025-07-13T08:42:46.750Z","category":"AUDIT:RULES","message":"RULES.txt loaded successfully","eventType":"rules_loaded","data":null}
{"timestamp":"2025-07-13T08:42:46.798Z","category":"AUDIT:SYSTEM","message":"Audit logger initialized successfully","eventType":"system_init","data":null}
{"timestamp":"2025-07-13T08:45:41.193Z","category":"COMMAND","message":"User 292854498299346945 (gdwizard) used !ch command","eventType":"start_game","data":null}
{"timestamp":"2025-07-13T08:45:41.195Z","category":"GAME_STATE","message":"Creating new game state for user 292854498299346945","eventType":"new_game","data":null}
{"timestamp":"2025-07-13T08:45:42.978Z","category":"SCREEN","message":"Start menu displayed for user 292854498299346945","eventType":"start_menu","data":null}
{"timestamp":"2025-07-13T08:46:13.239Z","category":"AUDIT:RULES","message":"RULES.txt loaded successfully","eventType":"rules_loaded","data":null}
{"timestamp":"2025-07-13T08:46:13.298Z","category":"AUDIT:SYSTEM","message":"Audit logger initialized successfully","eventType":"system_init","data":null}
{"timestamp":"2025-07-13T08:46:22.068Z","category":"AUDIT:RULES","message":"RULES.txt loaded successfully","eventType":"rules_loaded","data":null}
{"timestamp":"2025-07-13T08:46:22.113Z","category":"AUDIT:SYSTEM","message":"Audit logger initialized successfully","eventType":"system_init","data":null}
{"timestamp":"2025-07-13T08:46:25.188Z","category":"AUDIT:RULES","message":"RULES.txt loaded successfully","eventType":"rules_loaded","data":null}
{"timestamp":"2025-07-13T08:46:25.246Z","category":"AUDIT:SYSTEM","message":"Audit logger initialized successfully","eventType":"system_init","data":null}
{"timestamp":"2025-07-13T08:47:16.511Z","category":"ERROR","message":"Interaction update failed: Unknown interaction","eventType":"interaction_error","data":null}
{"timestamp":"2025-07-13T08:47:16.570Z","category":"SUCCESS","message":"Interaction update successful","eventType":"interaction_response","data":null}
{"timestamp":"2025-07-13T08:54:51.330Z","category":"AUDIT:RULES","message":"RULES.txt loaded successfully","eventType":"rules_loaded","data":null}
{"timestamp":"2025-07-13T08:54:51.391Z","category":"AUDIT:SYSTEM","message":"Audit logger initialized successfully","eventType":"system_init","data":null}
{"timestamp":"2025-07-13T09:04:37.971Z","category":"AUDIT:RULES","message":"RULES.txt loaded successfully","eventType":"rules_loaded","data":null}
{"timestamp":"2025-07-13T09:04:38.020Z","category":"AUDIT:SYSTEM","message":"Audit logger initialized successfully","eventType":"system_init","data":null}
{"timestamp":"2025-07-13T09:06:47.566Z","category":"AUDIT:RULES","message":"RULES.txt loaded successfully","eventType":"rules_loaded","data":null}
{"timestamp":"2025-07-13T09:06:47.613Z","category":"AUDIT:SYSTEM","message":"Audit logger initialized successfully","eventType":"system_init","data":null}
{"timestamp":"2025-07-13T09:07:27.770Z","category":"COMMAND","message":"User 292854498299346945 (gdwizard) used !ch command","eventType":"start_game","data":null}
{"timestamp":"2025-07-13T09:07:27.771Z","category":"GAME_STATE","message":"Creating new game state for user 292854498299346945","eventType":"new_game","data":null}
{"timestamp":"2025-07-13T09:07:27.772Z","category":"COMMAND","message":"User 292854498299346945 (gdwizard) used !ch command","eventType":"start_game","data":null}
{"timestamp":"2025-07-13T09:07:27.774Z","category":"GAME_STATE","message":"Creating new game state for user 292854498299346945","eventType":"new_game","data":null}
{"timestamp":"2025-07-13T09:07:28.326Z","category":"SCREEN","message":"Start menu displayed for user 292854498299346945","eventType":"start_menu","data":null}
{"timestamp":"2025-07-13T09:07:28.578Z","category":"SCREEN","message":"Start menu displayed for user 292854498299346945","eventType":"start_menu","data":null}
{"timestamp":"2025-07-13T09:08:24.261Z","category":"AUDIT:RULES","message":"RULES.txt loaded successfully","eventType":"rules_loaded","data":null}
{"timestamp":"2025-07-13T09:08:24.317Z","category":"AUDIT:SYSTEM","message":"Audit logger initialized successfully","eventType":"system_init","data":null}
{"timestamp":"2025-07-13T09:09:06.207Z","category":"AUDIT:RULES","message":"RULES.txt loaded successfully","eventType":"rules_loaded","data":null}
{"timestamp":"2025-07-13T09:09:06.266Z","category":"AUDIT:SYSTEM","message":"Audit logger initialized successfully","eventType":"system_init","data":null}
{"timestamp":"2025-07-13T09:10:26.919Z","category":"AUDIT:RULES","message":"RULES.txt loaded successfully","eventType":"rules_loaded","data":null}
{"timestamp":"2025-07-13T09:10:27.028Z","category":"AUDIT:SYSTEM","message":"Audit logger initialized successfully","eventType":"system_init","data":null}
{"timestamp":"2025-07-13T09:10:37.021Z","category":"COMMAND","message":"User 292854498299346945 (gdwizard) used !ch command","eventType":"start_game","data":null}
{"timestamp":"2025-07-13T09:10:37.022Z","category":"COMMAND","message":"User 292854498299346945 (gdwizard) used !ch command","eventType":"start_game","data":null}
{"timestamp":"2025-07-13T09:10:37.023Z","category":"GAME_STATE","message":"Creating new game state for user 292854498299346945","eventType":"new_game","data":null}
{"timestamp":"2025-07-13T09:10:37.024Z","category":"GAME_STATE","message":"Creating new game state for user 292854498299346945","eventType":"new_game","data":null}
{"timestamp":"2025-07-13T09:10:37.614Z","category":"SCREEN","message":"Start menu displayed for user 292854498299346945","eventType":"start_menu","data":null}
{"timestamp":"2025-07-13T09:10:37.631Z","category":"SCREEN","message":"Start menu displayed for user 292854498299346945","eventType":"start_menu","data":null}
{"timestamp":"2025-07-13T09:11:36.236Z","category":"ERROR","message":"Interaction update failed: Interaction has already been acknowledged.","eventType":"interaction_error","data":null}
{"timestamp":"2025-07-13T09:11:47.561Z","category":"ERROR","message":"Interaction update failed: Interaction has already been acknowledged.","eventType":"interaction_error","data":null}
{"timestamp":"2025-07-13T09:24:32.691Z","category":"ERROR","message":"Interaction update failed: Interaction has already been acknowledged.","eventType":"interaction_error","data":null}
{"timestamp":"2025-07-13T09:25:20.192Z","category":"ERROR","message":"Interaction update failed: Interaction has already been acknowledged.","eventType":"interaction_error","data":null}
{"timestamp":"2025-07-13T09:29:24.018Z","category":"ERROR","message":"Interaction update failed: Interaction has already been acknowledged.","eventType":"interaction_error","data":null}
{"timestamp":"2025-07-13T09:29:28.349Z","category":"ERROR","message":"Interaction update failed: Interaction has already been acknowledged.","eventType":"interaction_error","data":null}
{"timestamp":"2025-07-13T09:29:33.304Z","category":"ERROR","message":"Interaction update failed: Interaction has already been acknowledged.","eventType":"interaction_error","data":null}
{"timestamp":"2025-07-13T09:59:57.687Z","category":"AUDIT:RULES","message":"RULES.txt loaded successfully","eventType":"rules_loaded","data":null}
{"timestamp":"2025-07-13T09:59:57.734Z","category":"AUDIT:SYSTEM","message":"Audit logger initialized successfully","eventType":"system_init","data":null}
{"timestamp":"2025-07-13T10:31:15.606Z","category":"AUDIT:RULES","message":"RULES.txt loaded successfully","eventType":"rules_loaded","data":null}
{"timestamp":"2025-07-13T10:31:15.671Z","category":"AUDIT:SYSTEM","message":"Audit logger initialized successfully","eventType":"system_init","data":null}
{"timestamp":"2025-07-13T10:32:19.041Z","category":"COMMAND","message":"User 292854498299346945 (gdwizard) used !ch command","eventType":"start_game","data":null}
{"timestamp":"2025-07-13T10:32:19.043Z","category":"GAME_STATE","message":"Creating new game state for user 292854498299346945","eventType":"new_game","data":null}
{"timestamp":"2025-07-13T10:32:19.570Z","category":"SCREEN","message":"Start menu displayed for user 292854498299346945","eventType":"start_menu","data":null}
{"timestamp":"2025-07-13T11:16:42.167Z","category":"AUDIT:RULES","message":"RULES.txt loaded successfully","eventType":"rules_loaded","data":null}
{"timestamp":"2025-07-13T11:16:42.224Z","category":"AUDIT:SYSTEM","message":"Audit logger initialized successfully","eventType":"system_init","data":null}
{"timestamp":"2025-07-13T11:21:30.082Z","category":"AUDIT:RULES","message":"RULES.txt loaded successfully","eventType":"rules_loaded","data":null}
{"timestamp":"2025-07-13T11:21:30.141Z","category":"AUDIT:SYSTEM","message":"Audit logger initialized successfully","eventType":"system_init","data":null}
{"timestamp":"2025-07-13T11:47:29.523Z","category":"AUDIT:RULES","message":"RULES.txt loaded successfully","eventType":"rules_loaded","data":null}
{"timestamp":"2025-07-13T11:47:29.584Z","category":"AUDIT:SYSTEM","message":"Audit logger initialized successfully","eventType":"system_init","data":null}
{"timestamp":"2025-07-13T11:47:43.514Z","category":"AUDIT:RULES","message":"RULES.txt loaded successfully","eventType":"rules_loaded","data":null}
{"timestamp":"2025-07-13T11:47:43.574Z","category":"AUDIT:SYSTEM","message":"Audit logger initialized successfully","eventType":"system_init","data":null}
{"timestamp":"2025-07-13T11:55:15.453Z","category":"COMMAND","message":"User 292854498299346945 (gdwizard) used !ch command","eventType":"start_game","data":null}
{"timestamp":"2025-07-13T11:55:15.453Z","category":"COMMAND","message":"User 292854498299346945 (gdwizard) used !ch command","eventType":"start_game","data":null}
{"timestamp":"2025-07-13T11:55:15.455Z","category":"GAME_STATE","message":"Creating new game state for user 292854498299346945","eventType":"new_game","data":null}
{"timestamp":"2025-07-13T11:55:15.456Z","category":"GAME_STATE","message":"Creating new game state for user 292854498299346945","eventType":"new_game","data":null}
{"timestamp":"2025-07-13T11:55:15.469Z","category":"COMMAND","message":"User 292854498299346945 (gdwizard) used !ch command","eventType":"start_game","data":null}
{"timestamp":"2025-07-13T11:55:15.486Z","category":"GAME_STATE","message":"Creating new game state for user 292854498299346945","eventType":"new_game","data":null}
{"timestamp":"2025-07-13T11:55:16.117Z","category":"SCREEN","message":"Start menu displayed for user 292854498299346945","eventType":"start_menu","data":null}
{"timestamp":"2025-07-13T11:55:16.186Z","category":"SCREEN","message":"Start menu displayed for user 292854498299346945","eventType":"start_menu","data":null}
{"timestamp":"2025-07-13T11:55:16.198Z","category":"SCREEN","message":"Start menu displayed for user 292854498299346945","eventType":"start_menu","data":null}
{"timestamp":"2025-07-13T11:55:27.971Z","category":"ERROR","message":"Interaction update failed: Unknown interaction","eventType":"interaction_error","data":null}
{"timestamp":"2025-07-13T11:56:59.860Z","category":"ERROR","message":"Interaction update failed: Interaction has already been acknowledged.","eventType":"interaction_error","data":null}
{"timestamp":"2025-07-13T11:57:04.981Z","category":"ERROR","message":"Interaction update failed: Interaction has already been acknowledged.","eventType":"interaction_error","data":null}
{"timestamp":"2025-07-13T11:59:42.161Z","category":"ERROR","message":"Interaction update failed: Interaction has already been acknowledged.","eventType":"interaction_error","data":null}
{"timestamp":"2025-07-13T11:59:48.869Z","category":"ERROR","message":"Interaction update failed: Interaction has already been acknowledged.","eventType":"interaction_error","data":null}
{"timestamp":"2025-07-13T12:03:03.759Z","category":"COMMAND","message":"User 292854498299346945 (gdwizard) used !ch command","eventType":"start_game","data":null}
{"timestamp":"2025-07-13T12:03:03.761Z","category":"GAME_STATE","message":"Resuming existing game for user 292854498299346945","eventType":"resume_game","data":null}
{"timestamp":"2025-07-13T12:03:04.284Z","category":"SCREEN","message":"Start menu displayed for user 292854498299346945","eventType":"start_menu","data":null}
{"timestamp":"2025-07-13T12:05:57.180Z","category":"AUDIT:RULES","message":"RULES.txt loaded successfully","eventType":"rules_loaded","data":null}
{"timestamp":"2025-07-13T12:05:57.257Z","category":"AUDIT:SYSTEM","message":"Audit logger initialized successfully","eventType":"system_init","data":null}
{"timestamp":"2025-07-13T12:09:15.430Z","category":"ERROR","message":"Interaction update failed: Interaction has already been acknowledged.","eventType":"interaction_error","data":null}
{"timestamp":"2025-07-13T12:09:32.736Z","category":"ERROR","message":"Interaction update failed: Interaction has already been acknowledged.","eventType":"interaction_error","data":null}
{"timestamp":"2025-07-13T12:30:21.813Z","category":"AUDIT:RULES","message":"RULES.txt loaded successfully","eventType":"rules_loaded","data":null}
{"timestamp":"2025-07-13T12:30:21.868Z","category":"AUDIT:SYSTEM","message":"Audit logger initialized successfully","eventType":"system_init","data":null}
{"timestamp":"2025-07-13T12:30:55.472Z","category":"COMMAND","message":"User 292854498299346945 (gdwizard) used !ch command","eventType":"start_game","data":null}
{"timestamp":"2025-07-13T12:30:55.474Z","category":"GAME_STATE","message":"Creating new game state for user 292854498299346945","eventType":"new_game","data":null}
{"timestamp":"2025-07-13T12:30:56.668Z","category":"SCREEN","message":"Start menu displayed for user 292854498299346945","eventType":"start_menu","data":null}
{"timestamp":"2025-07-13T12:44:31.857Z","category":"ERROR","message":"Interaction update failed: Unknown interaction","eventType":"interaction_error","data":null}
{"timestamp":"2025-07-13T12:44:35.524Z","category":"ERROR","message":"Interaction update failed: Unknown interaction","eventType":"interaction_error","data":null}
{"timestamp":"2025-07-13T13:42:01.124Z","category":"COMMAND","message":"User 292854498299346945 (gdwizard) used !ch command","eventType":"start_game","data":null}
{"timestamp":"2025-07-13T13:42:01.127Z","category":"GAME_STATE","message":"Creating new game state for user 292854498299346945","eventType":"new_game","data":null}
{"timestamp":"2025-07-13T13:42:01.657Z","category":"SCREEN","message":"Start menu displayed for user 292854498299346945","eventType":"start_menu","data":null}
{"timestamp":"2025-07-13T13:46:15.832Z","category":"SUCCESS","message":"Interaction update successful","eventType":"interaction_response","data":null}
{"timestamp":"2025-07-13T13:57:56.512Z","category":"ERROR","message":"Interaction update failed: Unknown interaction","eventType":"interaction_error","data":null}
{"timestamp":"2025-07-13T14:04:10.195Z","category":"COMMAND","message":"User 292854498299346945 (gdwizard) used !ch command","eventType":"start_game","data":null}
{"timestamp":"2025-07-13T14:04:10.197Z","category":"GAME_STATE","message":"Resuming existing game for user 292854498299346945","eventType":"resume_game","data":null}
{"timestamp":"2025-07-13T14:04:10.796Z","category":"SCREEN","message":"Start menu displayed for user 292854498299346945","eventType":"start_menu","data":null}
{"timestamp":"2025-07-13T14:04:57.359Z","category":"COMMAND","message":"User 292854498299346945 (gdwizard) used !ch command","eventType":"start_game","data":null}
{"timestamp":"2025-07-13T14:04:57.361Z","category":"GAME_STATE","message":"Resuming existing game for user 292854498299346945","eventType":"resume_game","data":null}
{"timestamp":"2025-07-13T14:04:58.728Z","category":"SCREEN","message":"Start menu displayed for user 292854498299346945","eventType":"start_menu","data":null}
{"timestamp":"2025-07-13T14:07:12.658Z","category":"SUCCESS","message":"Interaction update successful","eventType":"interaction_response","data":null}
{"timestamp":"2025-07-13T14:07:20.902Z","category":"SUCCESS","message":"Interaction update successful","eventType":"interaction_response","data":null}
{"timestamp":"2025-07-13T14:07:26.132Z","category":"SUCCESS","message":"Interaction update successful","eventType":"interaction_response","data":null}
{"timestamp":"2025-07-13T14:07:36.677Z","category":"COMMAND","message":"User 1168081944223940658 (jarmiu9) used !ch command","eventType":"start_game","data":null}
{"timestamp":"2025-07-13T14:07:36.678Z","category":"GAME_STATE","message":"Creating new game state for user 1168081944223940658","eventType":"new_game","data":null}
{"timestamp":"2025-07-13T14:07:38.252Z","category":"SCREEN","message":"Start menu displayed for user 1168081944223940658","eventType":"start_menu","data":null}
{"timestamp":"2025-07-13T14:12:27.708Z","category":"ERROR","message":"Interaction update failed: Unknown interaction","eventType":"interaction_error","data":null}
{"timestamp":"2025-07-13T14:12:58.458Z","category":"SUCCESS","message":"Interaction update successful","eventType":"interaction_response","data":null}
{"timestamp":"2025-07-13T14:13:04.150Z","category":"SUCCESS","message":"Interaction update successful","eventType":"interaction_response","data":null}
{"timestamp":"2025-07-13T14:13:07.409Z","category":"SUCCESS","message":"Interaction update successful","eventType":"interaction_response","data":null}
{"timestamp":"2025-07-13T14:13:11.039Z","category":"SUCCESS","message":"Interaction update successful","eventType":"interaction_response","data":null}
{"timestamp":"2025-07-13T14:13:15.917Z","category":"SUCCESS","message":"Interaction update successful","eventType":"interaction_response","data":null}
{"timestamp":"2025-07-13T14:13:24.983Z","category":"COMMAND","message":"User 292854498299346945 (gdwizard) used !ch command","eventType":"start_game","data":null}
{"timestamp":"2025-07-13T14:13:24.984Z","category":"GAME_STATE","message":"Creating new game state for user 292854498299346945","eventType":"new_game","data":null}
{"timestamp":"2025-07-13T14:13:25.565Z","category":"SCREEN","message":"Start menu displayed for user 292854498299346945","eventType":"start_menu","data":null}
{"timestamp":"2025-07-13T14:13:56.550Z","category":"ERROR","message":"Interaction update failed: Unknown interaction","eventType":"interaction_error","data":null}
{"timestamp":"2025-07-13T14:14:00.138Z","category":"COMMAND","message":"User 292854498299346945 (gdwizard) used !ch command","eventType":"start_game","data":null}
{"timestamp":"2025-07-13T14:14:00.139Z","category":"GAME_STATE","message":"Resuming existing game for user 292854498299346945","eventType":"resume_game","data":null}
{"timestamp":"2025-07-13T14:14:00.665Z","category":"SCREEN","message":"Start menu displayed for user 292854498299346945","eventType":"start_menu","data":null}
{"timestamp":"2025-07-13T14:24:12.495Z","category":"COMMAND","message":"User 292854498299346945 (gdwizard) used !ch command","eventType":"start_game","data":null}
{"timestamp":"2025-07-13T14:24:12.499Z","category":"GAME_STATE","message":"Resuming existing game for user 292854498299346945","eventType":"resume_game","data":null}
{"timestamp":"2025-07-13T14:24:12.968Z","category":"SCREEN","message":"Start menu displayed for user 292854498299346945","eventType":"start_menu","data":null}
